14:39:15 debug: 6/24/2025, 2:39:15 PM
14:39:15 debug: Project: /Users/admin/Documents/GitHub/CMGameRepo/CMGame
14:39:15 debug: Targets: editor,preview
14:39:15 debug: Packer deriver version file lost or format incorrect: Error: ENOENT: no such file or directory, open '/Users/admin/Documents/GitHub/CMGameRepo/CMGame/temp/programming/packer-driver/VERSION'
14:39:15 debug: Clearing out the targets...
14:39:15 debug: Engine path: /Applications/Cocos/Creator/3.8.3/CocosCreator.app/Contents/Resources/resources/3d/engine
14:39:15 debug: Initializing target [Editor]
14:39:15 debug: Loading cache
14:39:15 debug: Record file loaded failed with error: Error: ENOENT: no such file or directory, open '/Users/admin/Documents/GitHub/CMGameRepo/CMGame/temp/programming/packer-driver/targets/editor/main-record.json'
14:39:15 debug: Loading cache costs 0.14379100129008293ms.
14:39:15 debug: Engine features shipped in editor: base,gfx-webgl,gfx-webgl2,gfx-empty,3d,animation,skeletal-animation,2d,ui,particle,particle-2d,physics-framework,physics-2d-framework,physics-2d-box2d-wasm,intersection-2d,primitive,profiler,occlusion-query,geometry-renderer,debug-renderer,audio,video,xr,light-probe,terrain,webview,tween,tiled-map,spine,dragon-bones,marionette,procedural-animation,custom-pipeline,websocket,websocket-server,meshopt
14:39:15 debug: Our import map(foo:/bar): {
  "imports": {
    "cc": "cce:/internal/x/cc"
  }
}
14:39:15 debug: Initializing target [Preview]
14:39:15 debug: Loading cache
14:39:15 debug: Record file loaded failed with error: Error: ENOENT: no such file or directory, open '/Users/admin/Documents/GitHub/CMGameRepo/CMGame/temp/programming/packer-driver/targets/preview/main-record.json'
14:39:15 debug: Loading cache costs 0.12091699987649918ms.
14:39:15 debug: Our import map(foo:/bar): {
  "imports": {
    "cc": "cce:/internal/x/cc"
  }
}
14:39:15 debug: Sync engine features: 2d,animation,audio,base,dragon-bones,gfx-webgl,gfx-webgl2,intersection-2d,meshopt,particle-2d,physics-2d-box2d,profiler,spine,tiled-map,tween,ui,video,webview
14:39:15 debug: Reset databases. Enumerated domains: [
  {
    "root": "db://internal/",
    "physical": "/Applications/Cocos/Creator/3.8.3/CocosCreator.app/Contents/Resources/resources/3d/engine/editor/assets"
  },
  {
    "root": "db://assets/",
    "physical": "/Users/admin/Documents/GitHub/CMGameRepo/CMGame/assets"
  }
]
14:39:15 debug: Our import map(foo:/bar): {
  "imports": {
    "cc": "cce:/internal/x/cc",
    "db://internal/": "file:///Applications/Cocos/Creator/3.8.3/CocosCreator.app/Contents/Resources/resources/3d/engine/editor/assets/",
    "db://assets/": "file:///Users/admin/Documents/GitHub/CMGameRepo/CMGame/assets/"
  }
}
14:39:15 debug: Our import map(foo:/bar): {
  "imports": {
    "cc": "cce:/internal/x/cc",
    "db://internal/": "file:///Applications/Cocos/Creator/3.8.3/CocosCreator.app/Contents/Resources/resources/3d/engine/editor/assets/",
    "db://assets/": "file:///Users/admin/Documents/GitHub/CMGameRepo/CMGame/assets/"
  }
}
14:39:15 debug: Pulling asset-db.
14:39:15 debug: Fetch asset-db cost: 1.4557089991867542ms.
14:39:15 debug: Build iteration starts.
Number of accumulated asset changes: 1
Feature changed: false
14:39:15 debug: Target(editor) build started.
14:39:15 debug: Inspect cce:/internal/x/cc
14:39:15 debug: Resolve cce:/internal/x/cc-fu/base from cce:/internal/x/cc as external dependency cce:/internal/x/cc-fu/base.
14:39:15 debug: Resolve cce:/internal/x/cc-fu/gfx-webgl from cce:/internal/x/cc as external dependency cce:/internal/x/cc-fu/gfx-webgl.
14:39:15 debug: Resolve cce:/internal/x/cc-fu/gfx-webgl2 from cce:/internal/x/cc as external dependency cce:/internal/x/cc-fu/gfx-webgl2.
14:39:15 debug: Resolve cce:/internal/x/cc-fu/gfx-empty from cce:/internal/x/cc as external dependency cce:/internal/x/cc-fu/gfx-empty.
14:39:15 debug: Resolve cce:/internal/x/cc-fu/3d from cce:/internal/x/cc as external dependency cce:/internal/x/cc-fu/3d.
14:39:15 debug: Resolve cce:/internal/x/cc-fu/animation from cce:/internal/x/cc as external dependency cce:/internal/x/cc-fu/animation.
14:39:15 debug: Resolve cce:/internal/x/cc-fu/skeletal-animation from cce:/internal/x/cc as external dependency cce:/internal/x/cc-fu/skeletal-animation.
14:39:15 debug: Resolve cce:/internal/x/cc-fu/2d from cce:/internal/x/cc as external dependency cce:/internal/x/cc-fu/2d.
14:39:15 debug: Resolve cce:/internal/x/cc-fu/sorting from cce:/internal/x/cc as external dependency cce:/internal/x/cc-fu/sorting.
14:39:15 debug: Resolve cce:/internal/x/cc-fu/ui from cce:/internal/x/cc as external dependency cce:/internal/x/cc-fu/ui.
14:39:15 debug: Resolve cce:/internal/x/cc-fu/particle from cce:/internal/x/cc as external dependency cce:/internal/x/cc-fu/particle.
14:39:15 debug: Resolve cce:/internal/x/cc-fu/particle-2d from cce:/internal/x/cc as external dependency cce:/internal/x/cc-fu/particle-2d.
14:39:15 debug: Resolve cce:/internal/x/cc-fu/physics-framework from cce:/internal/x/cc as external dependency cce:/internal/x/cc-fu/physics-framework.
14:39:15 debug: Resolve cce:/internal/x/cc-fu/physics-2d-framework from cce:/internal/x/cc as external dependency cce:/internal/x/cc-fu/physics-2d-framework.
14:39:15 debug: Resolve cce:/internal/x/cc-fu/physics-2d-box2d-wasm from cce:/internal/x/cc as external dependency cce:/internal/x/cc-fu/physics-2d-box2d-wasm.
14:39:15 debug: Resolve cce:/internal/x/cc-fu/intersection-2d from cce:/internal/x/cc as external dependency cce:/internal/x/cc-fu/intersection-2d.
14:39:15 debug: Resolve cce:/internal/x/cc-fu/primitive from cce:/internal/x/cc as external dependency cce:/internal/x/cc-fu/primitive.
14:39:15 debug: Resolve cce:/internal/x/cc-fu/profiler from cce:/internal/x/cc as external dependency cce:/internal/x/cc-fu/profiler.
14:39:15 debug: Resolve cce:/internal/x/cc-fu/geometry-renderer from cce:/internal/x/cc as external dependency cce:/internal/x/cc-fu/geometry-renderer.
14:39:15 debug: Resolve cce:/internal/x/cc-fu/audio from cce:/internal/x/cc as external dependency cce:/internal/x/cc-fu/audio.
14:39:15 debug: Resolve cce:/internal/x/cc-fu/video from cce:/internal/x/cc as external dependency cce:/internal/x/cc-fu/video.
14:39:15 debug: Resolve cce:/internal/x/cc-fu/xr from cce:/internal/x/cc as external dependency cce:/internal/x/cc-fu/xr.
14:39:15 debug: Resolve cce:/internal/x/cc-fu/light-probe from cce:/internal/x/cc as external dependency cce:/internal/x/cc-fu/light-probe.
14:39:15 debug: Resolve cce:/internal/x/cc-fu/terrain from cce:/internal/x/cc as external dependency cce:/internal/x/cc-fu/terrain.
14:39:15 debug: Resolve cce:/internal/x/cc-fu/webview from cce:/internal/x/cc as external dependency cce:/internal/x/cc-fu/webview.
14:39:15 debug: Resolve cce:/internal/x/cc-fu/tween from cce:/internal/x/cc as external dependency cce:/internal/x/cc-fu/tween.
14:39:15 debug: Resolve cce:/internal/x/cc-fu/tiled-map from cce:/internal/x/cc as external dependency cce:/internal/x/cc-fu/tiled-map.
14:39:15 debug: Resolve cce:/internal/x/cc-fu/spine from cce:/internal/x/cc as external dependency cce:/internal/x/cc-fu/spine.
14:39:15 debug: Resolve cce:/internal/x/cc-fu/dragon-bones from cce:/internal/x/cc as external dependency cce:/internal/x/cc-fu/dragon-bones.
14:39:15 debug: Resolve cce:/internal/x/cc-fu/custom-pipeline from cce:/internal/x/cc as external dependency cce:/internal/x/cc-fu/custom-pipeline.
14:39:15 debug: Inspect cce:/internal/x/prerequisite-imports
14:39:15 debug: Resolve file:///Applications/Cocos/Creator/3.8.3/CocosCreator.app/Contents/Resources/resources/3d/engine/editor/assets/tools/debug-view-runtime-control.ts from cce:/internal/x/prerequisite-imports as file:///Applications/Cocos/Creator/3.8.3/CocosCreator.app/Contents/Resources/resources/3d/engine/editor/assets/tools/debug-view-runtime-control.ts.
14:39:15 debug: Inspect file:///Applications/Cocos/Creator/3.8.3/CocosCreator.app/Contents/Resources/resources/3d/engine/editor/assets/tools/debug-view-runtime-control.ts
14:39:15 debug: Resolve cc from file:///Applications/Cocos/Creator/3.8.3/CocosCreator.app/Contents/Resources/resources/3d/engine/editor/assets/tools/debug-view-runtime-control.ts as cce:/internal/x/cc.
14:39:15 debug: Resolve cc from file:///Applications/Cocos/Creator/3.8.3/CocosCreator.app/Contents/Resources/resources/3d/engine/editor/assets/tools/debug-view-runtime-control.ts as cce:/internal/x/cc.
14:39:15 debug: Resolve cc from file:///Applications/Cocos/Creator/3.8.3/CocosCreator.app/Contents/Resources/resources/3d/engine/editor/assets/tools/debug-view-runtime-control.ts as cce:/internal/x/cc.
14:39:15 debug: Target(editor) ends with cost 130.2347499988973ms.
14:39:15 debug: Target(preview) build started.
14:39:15 debug: Inspect cce:/internal/x/cc
14:39:15 debug: Resolve cce:/internal/x/cc-fu/2d from cce:/internal/x/cc as external dependency cce:/internal/x/cc-fu/2d.
14:39:15 debug: Resolve cce:/internal/x/cc-fu/sorting from cce:/internal/x/cc as external dependency cce:/internal/x/cc-fu/sorting.
14:39:15 debug: Resolve cce:/internal/x/cc-fu/animation from cce:/internal/x/cc as external dependency cce:/internal/x/cc-fu/animation.
14:39:15 debug: Resolve cce:/internal/x/cc-fu/audio from cce:/internal/x/cc as external dependency cce:/internal/x/cc-fu/audio.
14:39:15 debug: Resolve cce:/internal/x/cc-fu/base from cce:/internal/x/cc as external dependency cce:/internal/x/cc-fu/base.
14:39:15 debug: Resolve cce:/internal/x/cc-fu/dragon-bones from cce:/internal/x/cc as external dependency cce:/internal/x/cc-fu/dragon-bones.
14:39:15 debug: Resolve cce:/internal/x/cc-fu/gfx-webgl from cce:/internal/x/cc as external dependency cce:/internal/x/cc-fu/gfx-webgl.
14:39:15 debug: Resolve cce:/internal/x/cc-fu/gfx-webgl2 from cce:/internal/x/cc as external dependency cce:/internal/x/cc-fu/gfx-webgl2.
14:39:15 debug: Resolve cce:/internal/x/cc-fu/intersection-2d from cce:/internal/x/cc as external dependency cce:/internal/x/cc-fu/intersection-2d.
14:39:15 debug: Resolve cce:/internal/x/cc-fu/particle-2d from cce:/internal/x/cc as external dependency cce:/internal/x/cc-fu/particle-2d.
14:39:15 debug: Resolve cce:/internal/x/cc-fu/physics-2d-box2d from cce:/internal/x/cc as external dependency cce:/internal/x/cc-fu/physics-2d-box2d.
14:39:15 debug: Resolve cce:/internal/x/cc-fu/physics-2d-framework from cce:/internal/x/cc as external dependency cce:/internal/x/cc-fu/physics-2d-framework.
14:39:15 debug: Resolve cce:/internal/x/cc-fu/profiler from cce:/internal/x/cc as external dependency cce:/internal/x/cc-fu/profiler.
14:39:15 debug: Resolve cce:/internal/x/cc-fu/spine from cce:/internal/x/cc as external dependency cce:/internal/x/cc-fu/spine.
14:39:15 debug: Resolve cce:/internal/x/cc-fu/tiled-map from cce:/internal/x/cc as external dependency cce:/internal/x/cc-fu/tiled-map.
14:39:15 debug: Resolve cce:/internal/x/cc-fu/tween from cce:/internal/x/cc as external dependency cce:/internal/x/cc-fu/tween.
14:39:15 debug: Resolve cce:/internal/x/cc-fu/ui from cce:/internal/x/cc as external dependency cce:/internal/x/cc-fu/ui.
14:39:15 debug: Resolve cce:/internal/x/cc-fu/video from cce:/internal/x/cc as external dependency cce:/internal/x/cc-fu/video.
14:39:15 debug: Resolve cce:/internal/x/cc-fu/webview from cce:/internal/x/cc as external dependency cce:/internal/x/cc-fu/webview.
14:39:15 debug: Inspect cce:/internal/x/prerequisite-imports
14:39:15 debug: Resolve file:///Applications/Cocos/Creator/3.8.3/CocosCreator.app/Contents/Resources/resources/3d/engine/editor/assets/tools/debug-view-runtime-control.ts from cce:/internal/x/prerequisite-imports as file:///Applications/Cocos/Creator/3.8.3/CocosCreator.app/Contents/Resources/resources/3d/engine/editor/assets/tools/debug-view-runtime-control.ts.
14:39:15 debug: Inspect file:///Applications/Cocos/Creator/3.8.3/CocosCreator.app/Contents/Resources/resources/3d/engine/editor/assets/tools/debug-view-runtime-control.ts
14:39:15 debug: Resolve cc from file:///Applications/Cocos/Creator/3.8.3/CocosCreator.app/Contents/Resources/resources/3d/engine/editor/assets/tools/debug-view-runtime-control.ts as cce:/internal/x/cc.
14:39:15 debug: Resolve cc from file:///Applications/Cocos/Creator/3.8.3/CocosCreator.app/Contents/Resources/resources/3d/engine/editor/assets/tools/debug-view-runtime-control.ts as cce:/internal/x/cc.
14:39:15 debug: Resolve cc from file:///Applications/Cocos/Creator/3.8.3/CocosCreator.app/Contents/Resources/resources/3d/engine/editor/assets/tools/debug-view-runtime-control.ts as cce:/internal/x/cc.
14:39:15 debug: Target(preview) ends with cost 89.38220800086856ms.
14:39:17 debug: Pulling asset-db.
14:39:17 debug: Fetch asset-db cost: 315.6911659985781ms.
14:39:17 debug: Build iteration starts.
Number of accumulated asset changes: 1
Feature changed: false
14:39:17 debug: Target(editor) build started.
14:39:17 debug: Detected change: cce:/internal/x/prerequisite-imports. Last mtime: Thu Jan 01 1970 07:00:12 GMT+0700 (Indochina Time), Current mtime: Thu Jan 01 1970 07:00:14 GMT+0700 (Indochina Time)
14:39:17 debug: Inspect cce:/internal/x/prerequisite-imports
14:39:17 debug: Resolve file:///Applications/Cocos/Creator/3.8.3/CocosCreator.app/Contents/Resources/resources/3d/engine/editor/assets/tools/debug-view-runtime-control.ts from cce:/internal/x/prerequisite-imports as file:///Applications/Cocos/Creator/3.8.3/CocosCreator.app/Contents/Resources/resources/3d/engine/editor/assets/tools/debug-view-runtime-control.ts.
14:39:17 debug: Target(editor) ends with cost 14.037250000983477ms.
14:39:17 debug: Target(preview) build started.
14:39:17 debug: Detected change: cce:/internal/x/prerequisite-imports. Last mtime: Thu Jan 01 1970 07:00:12 GMT+0700 (Indochina Time), Current mtime: Thu Jan 01 1970 07:00:14 GMT+0700 (Indochina Time)
14:39:17 debug: Inspect cce:/internal/x/prerequisite-imports
14:39:17 debug: Resolve file:///Applications/Cocos/Creator/3.8.3/CocosCreator.app/Contents/Resources/resources/3d/engine/editor/assets/tools/debug-view-runtime-control.ts from cce:/internal/x/prerequisite-imports as file:///Applications/Cocos/Creator/3.8.3/CocosCreator.app/Contents/Resources/resources/3d/engine/editor/assets/tools/debug-view-runtime-control.ts.
14:39:17 debug: Target(preview) ends with cost 12.791916999965906ms.
14:40:46 debug: Dispatch build request for time accumulated 1 asset changes.
14:40:46 debug: Build iteration starts.
Number of accumulated asset changes: 1
Feature changed: false
14:40:46 debug: Target(editor) build started.
14:40:46 debug: Detected change: cce:/internal/x/prerequisite-imports. Last mtime: Thu Jan 01 1970 07:00:14 GMT+0700 (Indochina Time), Current mtime: Thu Jan 01 1970 07:01:43 GMT+0700 (Indochina Time)
14:40:46 debug: Inspect cce:/internal/x/prerequisite-imports
14:40:46 debug: Resolve file:///Applications/Cocos/Creator/3.8.3/CocosCreator.app/Contents/Resources/resources/3d/engine/editor/assets/tools/debug-view-runtime-control.ts from cce:/internal/x/prerequisite-imports as file:///Applications/Cocos/Creator/3.8.3/CocosCreator.app/Contents/Resources/resources/3d/engine/editor/assets/tools/debug-view-runtime-control.ts.
14:40:46 debug: Resolve file:///Users/admin/Documents/GitHub/CMGameRepo/CMGame/assets/Scripts/CardScript.ts from cce:/internal/x/prerequisite-imports as file:///Users/admin/Documents/GitHub/CMGameRepo/CMGame/assets/Scripts/CardScript.ts.
14:40:46 debug: Inspect file:///Users/admin/Documents/GitHub/CMGameRepo/CMGame/assets/Scripts/CardScript.ts
14:40:46 debug: Resolve cc from file:///Users/admin/Documents/GitHub/CMGameRepo/CMGame/assets/Scripts/CardScript.ts as cce:/internal/x/cc.
14:40:46 debug: Resolve cc from file:///Users/admin/Documents/GitHub/CMGameRepo/CMGame/assets/Scripts/CardScript.ts as cce:/internal/x/cc.
14:40:46 debug: Resolve cc from file:///Users/admin/Documents/GitHub/CMGameRepo/CMGame/assets/Scripts/CardScript.ts as cce:/internal/x/cc.
14:40:46 debug: Target(editor) ends with cost 20.53304199874401ms.
14:40:46 debug: Target(preview) build started.
14:40:46 debug: Detected change: cce:/internal/x/prerequisite-imports. Last mtime: Thu Jan 01 1970 07:00:14 GMT+0700 (Indochina Time), Current mtime: Thu Jan 01 1970 07:01:43 GMT+0700 (Indochina Time)
14:40:46 debug: Inspect cce:/internal/x/prerequisite-imports
14:40:46 debug: Resolve file:///Applications/Cocos/Creator/3.8.3/CocosCreator.app/Contents/Resources/resources/3d/engine/editor/assets/tools/debug-view-runtime-control.ts from cce:/internal/x/prerequisite-imports as file:///Applications/Cocos/Creator/3.8.3/CocosCreator.app/Contents/Resources/resources/3d/engine/editor/assets/tools/debug-view-runtime-control.ts.
14:40:46 debug: Resolve file:///Users/admin/Documents/GitHub/CMGameRepo/CMGame/assets/Scripts/CardScript.ts from cce:/internal/x/prerequisite-imports as file:///Users/admin/Documents/GitHub/CMGameRepo/CMGame/assets/Scripts/CardScript.ts.
14:40:46 debug: Inspect file:///Users/admin/Documents/GitHub/CMGameRepo/CMGame/assets/Scripts/CardScript.ts
14:40:46 debug: Resolve cc from file:///Users/admin/Documents/GitHub/CMGameRepo/CMGame/assets/Scripts/CardScript.ts as cce:/internal/x/cc.
14:40:46 debug: Resolve cc from file:///Users/admin/Documents/GitHub/CMGameRepo/CMGame/assets/Scripts/CardScript.ts as cce:/internal/x/cc.
14:40:46 debug: Resolve cc from file:///Users/admin/Documents/GitHub/CMGameRepo/CMGame/assets/Scripts/CardScript.ts as cce:/internal/x/cc.
14:40:46 debug: Target(preview) ends with cost 23.402957998216152ms.
14:42:34 debug: Dispatch build request for time accumulated 1 asset changes.
14:42:34 debug: Build iteration starts.
Number of accumulated asset changes: 1
Feature changed: false
14:42:34 debug: Target(editor) build started.
14:42:34 debug: Detected change: cce:/internal/x/prerequisite-imports. Last mtime: Thu Jan 01 1970 07:01:43 GMT+0700 (Indochina Time), Current mtime: Thu Jan 01 1970 07:03:31 GMT+0700 (Indochina Time)
14:42:34 debug: Inspect cce:/internal/x/prerequisite-imports
14:42:34 debug: Resolve file:///Applications/Cocos/Creator/3.8.3/CocosCreator.app/Contents/Resources/resources/3d/engine/editor/assets/tools/debug-view-runtime-control.ts from cce:/internal/x/prerequisite-imports as file:///Applications/Cocos/Creator/3.8.3/CocosCreator.app/Contents/Resources/resources/3d/engine/editor/assets/tools/debug-view-runtime-control.ts.
14:42:34 debug: Resolve file:///Users/admin/Documents/GitHub/CMGameRepo/CMGame/assets/Scripts/CardScript.ts from cce:/internal/x/prerequisite-imports as file:///Users/admin/Documents/GitHub/CMGameRepo/CMGame/assets/Scripts/CardScript.ts.
14:42:34 debug: Detected change: file:///Users/admin/Documents/GitHub/CMGameRepo/CMGame/assets/Scripts/CardScript.ts. Last mtime: Tue Jun 24 2025 14:40:46 GMT+0700 (Indochina Time)@72078481-5462-4b2a-b1e6-158be7f71c66, Current mtime: Tue Jun 24 2025 14:42:32 GMT+0700 (Indochina Time)@72078481-5462-4b2a-b1e6-158be7f71c66
14:42:34 debug: Inspect file:///Users/admin/Documents/GitHub/CMGameRepo/CMGame/assets/Scripts/CardScript.ts
14:42:34 debug: Resolve cc from file:///Users/admin/Documents/GitHub/CMGameRepo/CMGame/assets/Scripts/CardScript.ts as cce:/internal/x/cc.
14:42:34 debug: Resolve cc from file:///Users/admin/Documents/GitHub/CMGameRepo/CMGame/assets/Scripts/CardScript.ts as cce:/internal/x/cc.
14:42:34 debug: Resolve cc from file:///Users/admin/Documents/GitHub/CMGameRepo/CMGame/assets/Scripts/CardScript.ts as cce:/internal/x/cc.
14:42:34 debug: Target(editor) ends with cost 25.35291699692607ms.
14:42:34 debug: Target(preview) build started.
14:42:34 debug: Detected change: cce:/internal/x/prerequisite-imports. Last mtime: Thu Jan 01 1970 07:01:43 GMT+0700 (Indochina Time), Current mtime: Thu Jan 01 1970 07:03:31 GMT+0700 (Indochina Time)
14:42:34 debug: Inspect cce:/internal/x/prerequisite-imports
14:42:34 debug: Resolve file:///Applications/Cocos/Creator/3.8.3/CocosCreator.app/Contents/Resources/resources/3d/engine/editor/assets/tools/debug-view-runtime-control.ts from cce:/internal/x/prerequisite-imports as file:///Applications/Cocos/Creator/3.8.3/CocosCreator.app/Contents/Resources/resources/3d/engine/editor/assets/tools/debug-view-runtime-control.ts.
14:42:34 debug: Resolve file:///Users/admin/Documents/GitHub/CMGameRepo/CMGame/assets/Scripts/CardScript.ts from cce:/internal/x/prerequisite-imports as file:///Users/admin/Documents/GitHub/CMGameRepo/CMGame/assets/Scripts/CardScript.ts.
14:42:34 debug: Detected change: file:///Users/admin/Documents/GitHub/CMGameRepo/CMGame/assets/Scripts/CardScript.ts. Last mtime: Tue Jun 24 2025 14:40:46 GMT+0700 (Indochina Time)@72078481-5462-4b2a-b1e6-158be7f71c66, Current mtime: Tue Jun 24 2025 14:42:32 GMT+0700 (Indochina Time)@72078481-5462-4b2a-b1e6-158be7f71c66
14:42:34 debug: Inspect file:///Users/admin/Documents/GitHub/CMGameRepo/CMGame/assets/Scripts/CardScript.ts
14:42:34 debug: Resolve cc from file:///Users/admin/Documents/GitHub/CMGameRepo/CMGame/assets/Scripts/CardScript.ts as cce:/internal/x/cc.
14:42:34 debug: Resolve cc from file:///Users/admin/Documents/GitHub/CMGameRepo/CMGame/assets/Scripts/CardScript.ts as cce:/internal/x/cc.
14:42:34 debug: Resolve cc from file:///Users/admin/Documents/GitHub/CMGameRepo/CMGame/assets/Scripts/CardScript.ts as cce:/internal/x/cc.
14:42:34 debug: Target(preview) ends with cost 25.40666699782014ms.
