6-26-2025 09:12:06-log: Cannot access game frame or container.
6-26-2025 09:12:06-debug: asset-db:require-engine-code (527ms)
6-26-2025 09:12:06-log: meshopt wasm decoder initialized
6-26-2025 09:12:06-log: [box2d]:box2d wasm lib loaded.
6-26-2025 09:12:06-log: [bullet]:bullet wasm lib loaded.
6-26-2025 09:12:06-log: Cocos Creator v3.8.3
6-26-2025 09:12:08-debug: [Assets Memory track]: asset-db-plugin-register: engine-extends start:167.86MB, end 170.56MB, increase: 2.69MB
6-26-2025 09:12:08-debug: [Assets Memory track]: asset-db-plugin-register: project start:77.95MB, end 170.62MB, increase: 92.66MB
6-26-2025 09:12:08-debug: [Assets Memory track]: asset-db:worker-init: initPlugin start:77.31MB, end 170.63MB, increase: 93.32MB
6-26-2025 09:12:08-debug: [Assets Memory track]: asset-db-plugin-register: builder start:79.53MB, end 167.61MB, increase: 88.08MB
6-26-2025 09:12:06-debug: [Assets Memory track]: asset-db-plugin-register: programming start:78.07MB, end 79.51MB, increase: 1.45MB
6-26-2025 09:12:06-debug: [Assets Memory track]: asset-db:worker-init: initEngine start:27.06MB, end 77.31MB, increase: 50.25MB
6-26-2025 09:12:08-debug: run package(vivo-mini-game) handler(enable) start
6-26-2025 09:12:08-debug: run package(web-desktop) handler(enable) success!
6-26-2025 09:12:08-debug: run package(web-mobile) handler(enable) start
6-26-2025 09:12:08-debug: run package(web-desktop) handler(enable) start
6-26-2025 09:12:08-debug: run package(wechatgame) handler(enable) start
6-26-2025 09:12:08-debug: run package(wechatgame) handler(enable) success!
6-26-2025 09:12:08-debug: run package(wechatprogram) handler(enable) start
6-26-2025 09:12:08-debug: run package(wechatprogram) handler(enable) success!
6-26-2025 09:12:08-debug: run package(windows) handler(enable) start
6-26-2025 09:12:08-debug: run package(windows) handler(enable) success!
6-26-2025 09:12:08-debug: run package(xiaomi-quick-game) handler(enable) start
6-26-2025 09:12:08-debug: run package(xiaomi-quick-game) handler(enable) success!
6-26-2025 09:12:08-debug: run package(cocos-service) handler(enable) start
6-26-2025 09:12:08-debug: run package(cocos-service) handler(enable) success!
6-26-2025 09:12:08-debug: run package(im-plugin) handler(enable) start
6-26-2025 09:12:08-debug: run package(web-mobile) handler(enable) success!
6-26-2025 09:12:08-debug: run package(im-plugin) handler(enable) success!
6-26-2025 09:12:08-debug: run package(vivo-mini-game) handler(enable) success!
6-26-2025 09:12:08-debug: run package(placeholder) handler(enable) start
6-26-2025 09:12:08-debug: run package(placeholder) handler(enable) success!
6-26-2025 09:12:08-debug: asset-db:worker-init: initPlugin (2173ms)
6-26-2025 09:12:08-debug: [Assets Memory track]: asset-db:worker-init start:27.05MB, end 171.41MB, increase: 144.36MB
6-26-2025 09:12:08-debug: Run asset db hook engine-extends:beforePreStart ...
6-26-2025 09:12:08-debug: Run asset db hook programming:beforePreStart ...
6-26-2025 09:12:08-debug: Run asset db hook engine-extends:beforePreStart success!
6-26-2025 09:12:08-debug: Run asset db hook programming:beforePreStart success!
6-26-2025 09:12:08-debug: asset-db:worker-init (3070ms)
6-26-2025 09:12:08-debug: asset-db-hook-programming-beforePreStart (138ms)
6-26-2025 09:12:08-debug: asset-db-hook-engine-extends-beforePreStart (138ms)
6-26-2025 09:12:08-debug: Preimport db internal success
6-26-2025 09:12:08-debug: %cImport%c: /Users/admin/Documents/GitHub/CMGameRepo/assets/Scriptsbackground: #aaff85; color: #000;color: #000;
6-26-2025 09:12:08-debug: Preimport db assets success
6-26-2025 09:12:08-debug: Run asset db hook programming:afterPreStart ...
6-26-2025 09:12:08-debug: starting packer-driver...
6-26-2025 09:12:08-debug: initialize scripting environment...
6-26-2025 09:12:09-debug: Set detail map pack:///resolution-detail-map.json: {}
6-26-2025 09:12:09-debug: Run asset db hook engine-extends:afterPreStart ...
6-26-2025 09:12:09-debug: Run asset db hook engine-extends:afterPreStart success!
6-26-2025 09:12:09-debug: Start up the 'internal' database...
6-26-2025 09:12:09-debug: Run asset db hook programming:afterPreStart success!
6-26-2025 09:12:09-debug: asset-db-hook-programming-afterPreStart (385ms)
6-26-2025 09:12:09-debug: asset-db:worker-effect-data-processing (196ms)
6-26-2025 09:12:09-debug: asset-db-hook-engine-extends-afterPreStart (196ms)
6-26-2025 09:12:09-debug: [Assets Memory track]: asset-db:worker-startup-database[internal] start:171.46MB, end 181.95MB, increase: 10.49MB
6-26-2025 09:12:09-debug: Start up the 'assets' database...
6-26-2025 09:12:09-debug: asset-db:worker-startup-database[internal] (614ms)
6-26-2025 09:12:09-debug: [Assets Memory track]: asset-db:worker-startup-database[assets] start:168.51MB, end 182.02MB, increase: 13.51MB
6-26-2025 09:12:09-debug: lazy register asset handler json
6-26-2025 09:12:09-debug: lazy register asset handler spine-data
6-26-2025 09:12:09-debug: lazy register asset handler dragonbones-atlas
6-26-2025 09:12:09-debug: lazy register asset handler *
6-26-2025 09:12:09-debug: lazy register asset handler terrain
6-26-2025 09:12:09-debug: lazy register asset handler dragonbones
6-26-2025 09:12:09-debug: [Assets Memory track]: asset-db:worker-init: startup start:169.38MB, end 182.03MB, increase: 12.65MB
6-26-2025 09:12:09-debug: lazy register asset handler prefab
6-26-2025 09:12:09-debug: lazy register asset handler sprite-frame
6-26-2025 09:12:09-debug: lazy register asset handler typescript
6-26-2025 09:12:09-debug: lazy register asset handler tiled-map
6-26-2025 09:12:09-debug: lazy register asset handler buffer
6-26-2025 09:12:09-debug: lazy register asset handler image
6-26-2025 09:12:09-debug: lazy register asset handler sign-image
6-26-2025 09:12:09-debug: lazy register asset handler alpha-image
6-26-2025 09:12:09-debug: lazy register asset handler texture
6-26-2025 09:12:09-debug: lazy register asset handler texture-cube
6-26-2025 09:12:09-debug: lazy register asset handler erp-texture-cube
6-26-2025 09:12:09-debug: lazy register asset handler render-texture
6-26-2025 09:12:09-debug: lazy register asset handler texture-cube-face
6-26-2025 09:12:09-debug: lazy register asset handler directory
6-26-2025 09:12:09-debug: lazy register asset handler gltf
6-26-2025 09:12:09-debug: lazy register asset handler gltf-mesh
6-26-2025 09:12:09-debug: lazy register asset handler gltf-animation
6-26-2025 09:12:09-debug: lazy register asset handler gltf-skeleton
6-26-2025 09:12:09-debug: lazy register asset handler gltf-material
6-26-2025 09:12:09-debug: lazy register asset handler gltf-scene
6-26-2025 09:12:09-debug: lazy register asset handler scene
6-26-2025 09:12:09-debug: lazy register asset handler fbx
6-26-2025 09:12:09-debug: lazy register asset handler material
6-26-2025 09:12:09-debug: lazy register asset handler effect
6-26-2025 09:12:09-debug: lazy register asset handler physics-material
6-26-2025 09:12:09-debug: lazy register asset handler effect-header
6-26-2025 09:12:09-debug: lazy register asset handler audio-clip
6-26-2025 09:12:09-debug: lazy register asset handler animation-graph
6-26-2025 09:12:09-debug: lazy register asset handler gltf-embeded-image
6-26-2025 09:12:09-debug: lazy register asset handler animation-graph-variant
6-26-2025 09:12:09-debug: lazy register asset handler ttf-font
6-26-2025 09:12:09-debug: lazy register asset handler animation-clip
6-26-2025 09:12:09-debug: lazy register asset handler text
6-26-2025 09:12:09-debug: lazy register asset handler animation-mask
6-26-2025 09:12:09-debug: lazy register asset handler auto-atlas
6-26-2025 09:12:09-debug: lazy register asset handler particle
6-26-2025 09:12:09-debug: lazy register asset handler rt-sprite-frame
6-26-2025 09:12:09-debug: lazy register asset handler render-pipeline
6-26-2025 09:12:09-debug: lazy register asset handler render-stage
6-26-2025 09:12:09-debug: lazy register asset handler instantiation-material
6-26-2025 09:12:09-debug: lazy register asset handler javascript
6-26-2025 09:12:09-debug: lazy register asset handler render-flow
6-26-2025 09:12:09-debug: lazy register asset handler instantiation-skeleton
6-26-2025 09:12:09-debug: lazy register asset handler instantiation-animation
6-26-2025 09:12:09-debug: lazy register asset handler video-clip
6-26-2025 09:12:09-debug: lazy register asset handler instantiation-mesh
6-26-2025 09:12:09-debug: lazy register asset handler sprite-atlas
6-26-2025 09:12:09-debug: lazy register asset handler label-atlas
6-26-2025 09:12:09-debug: lazy register asset handler bitmap-font
6-26-2025 09:12:09-debug: asset-db:worker-startup-database[assets] (469ms)
6-26-2025 09:12:09-debug: asset-db:ready (5611ms)
6-26-2025 09:12:09-debug: asset-db:start-database (646ms)
6-26-2025 09:12:09-debug: init worker message success
6-26-2025 09:12:09-debug: [Build Memory track]: builder:worker-init start:181.58MB, end 193.00MB, increase: 11.42MB
6-26-2025 09:12:09-debug: programming:execute-script (3ms)
6-26-2025 09:12:09-debug: builder:worker-init (396ms)
6-26-2025 09:22:59-debug: refresh db internal success
6-26-2025 09:22:59-debug: refresh db assets success
6-26-2025 09:22:59-debug: Run asset db hook engine-extends:afterRefresh ...
6-26-2025 09:22:59-debug: Run asset db hook engine-extends:afterRefresh success!
6-26-2025 09:22:59-debug: asset-db:refresh-all-database (43ms)
6-26-2025 09:23:01-debug: Query all assets info in project
6-26-2025 09:23:01-debug: init custom config: keepNodeUuid: false, useCache: true
6-26-2025 09:23:01-debug: Query asset bundle start, progress: 0%
6-26-2025 09:23:01-debug: // ---- build task Query asset bundle ----
6-26-2025 09:23:01-debug: Query preload assets from cc.config.json: 60f7195c-ec2a-45eb-ba94-8955f60e81d0,1c02ae6f-4492-4915-b8f8-7492a3b1e4cd,810e96e4-e456-4468-9b59-f4e8f39732c0,efe8e2a3-eace-427b-b4f1-cb8a937ec77d,e9aa9a3e-5b2b-4ac7-a2c7-073de2b2b24f,8bbdbcdd-5cd4-4100-b6d5-b7c9625b6107,50f4348b-c883-4e2f-8f11-ce233b859fa1,fda095cb-831d-4601-ad94-846013963de8,f92806d7-1768-443f-afe8-12bcde84d0f0,dd3a144d-ab7f-41f0-82b8-2e43a090d496,f0416e68-0200-4b77-a926-4f9d16e494da,970b0598-bcb0-4714-91fb-2e81440dccd8,bcd64cc6-2dd9-43f6-abbe-66318d332032,d930590d-bb92-4cc8-8bd1-23cd027f9edf,a3cd009f-0ab0-420d-9278-b9fdab939bbc,c27215d8-6835-4b68-bfbb-bdeac6100c04,b5d6115f-0370-4d7c-aad3-c194cc71cf98,871c3b6c-7379-419d-bda3-794b239ab90d
6-26-2025 09:23:01-debug:   Number of all scenes: 1
6-26-2025 09:23:01-debug:   Number of other assets: 303
6-26-2025 09:23:01-debug:   Number of all scripts: 8
6-26-2025 09:23:01-debug: // ---- build task Query asset bundle ---- (3ms)
6-26-2025 09:23:01-debug: [Build Memory track]: Query asset bundle start:165.55MB, end 165.18MB, increase: -382.45KB
6-26-2025 09:23:01-debug: run build task Query asset bundle success in 3 ms√, progress: 5%
6-26-2025 09:23:01-debug: // ---- build task Query asset bundle ----
6-26-2025 09:23:01-debug: Query asset bundle start, progress: 5%
6-26-2025 09:23:01-debug: // ---- build task Query asset bundle ---- (1ms)
6-26-2025 09:23:01-debug: Sort some build options to settings.json start, progress: 10%
6-26-2025 09:23:01-debug: run build task Query asset bundle success in 1 ms√, progress: 10%
6-26-2025 09:23:01-debug: // ---- build task Sort some build options to settings.json ----
6-26-2025 09:23:01-debug: [Build Memory track]: Sort some build options to settings.json start:165.26MB, end 165.27MB, increase: 8.21KB
6-26-2025 09:23:01-debug: [Build Memory track]: Query asset bundle start:165.19MB, end 165.25MB, increase: 66.50KB
6-26-2025 09:23:01-debug: Fill script data to settings start, progress: 12%
6-26-2025 09:23:01-debug: // ---- build task Fill script data to settings ----
6-26-2025 09:23:01-debug: run build task Fill script data to settings success in √, progress: 13%
6-26-2025 09:23:01-debug: run build task Sort some build options to settings.json success in √, progress: 12%
6-26-2025 09:23:01-debug: [Build Memory track]: Fill script data to settings start:165.28MB, end 165.29MB, increase: 10.44KB
6-26-2025 09:23:01-debug: Sort some build options to settings.json start, progress: 13%
6-26-2025 09:23:01-debug: // ---- build task Sort some build options to settings.json ----
6-26-2025 09:23:01-debug: // ---- build task Sort some build options to settings.json ---- (2ms)
6-26-2025 09:23:01-debug: [Build Memory track]: Sort some build options to settings.json start:165.30MB, end 165.42MB, increase: 127.21KB
6-26-2025 09:23:01-debug: run build task Sort some build options to settings.json success in 2 ms√, progress: 15%
6-26-2025 09:23:24-debug: Query all assets info in project
6-26-2025 09:23:24-debug: init custom config: keepNodeUuid: false, useCache: true
6-26-2025 09:23:24-debug: Query asset bundle start, progress: 0%
6-26-2025 09:23:24-debug: // ---- build task Query asset bundle ----
6-26-2025 09:23:24-debug: Query preload assets from cc.config.json: 60f7195c-ec2a-45eb-ba94-8955f60e81d0,1c02ae6f-4492-4915-b8f8-7492a3b1e4cd,810e96e4-e456-4468-9b59-f4e8f39732c0,efe8e2a3-eace-427b-b4f1-cb8a937ec77d,e9aa9a3e-5b2b-4ac7-a2c7-073de2b2b24f,8bbdbcdd-5cd4-4100-b6d5-b7c9625b6107,50f4348b-c883-4e2f-8f11-ce233b859fa1,fda095cb-831d-4601-ad94-846013963de8,f92806d7-1768-443f-afe8-12bcde84d0f0,dd3a144d-ab7f-41f0-82b8-2e43a090d496,f0416e68-0200-4b77-a926-4f9d16e494da,970b0598-bcb0-4714-91fb-2e81440dccd8,bcd64cc6-2dd9-43f6-abbe-66318d332032,d930590d-bb92-4cc8-8bd1-23cd027f9edf,a3cd009f-0ab0-420d-9278-b9fdab939bbc,c27215d8-6835-4b68-bfbb-bdeac6100c04,b5d6115f-0370-4d7c-aad3-c194cc71cf98,871c3b6c-7379-419d-bda3-794b239ab90d
6-26-2025 09:23:24-debug:   Number of other assets: 303
6-26-2025 09:23:24-debug:   Number of all scripts: 8
6-26-2025 09:23:24-debug:   Number of all scenes: 1
6-26-2025 09:23:24-debug: // ---- build task Query asset bundle ---- (2ms)
6-26-2025 09:23:24-debug: run build task Query asset bundle success in 2 ms√, progress: 5%
6-26-2025 09:23:24-debug: [Build Memory track]: Query asset bundle start:165.76MB, end 165.32MB, increase: -452.96KB
6-26-2025 09:23:24-debug: // ---- build task Query asset bundle ----
6-26-2025 09:23:24-debug: Query asset bundle start, progress: 5%
6-26-2025 09:23:24-debug: // ---- build task Query asset bundle ---- (1ms)
6-26-2025 09:23:24-debug: run build task Query asset bundle success in 1 ms√, progress: 10%
6-26-2025 09:23:24-debug: [Build Memory track]: Query asset bundle start:165.33MB, end 165.39MB, increase: 66.74KB
6-26-2025 09:23:24-debug: // ---- build task Sort some build options to settings.json ----
6-26-2025 09:23:24-debug: run build task Sort some build options to settings.json success in √, progress: 12%
6-26-2025 09:23:24-debug: [Build Memory track]: Sort some build options to settings.json start:165.40MB, end 165.41MB, increase: 9.63KB
6-26-2025 09:23:24-debug: Sort some build options to settings.json start, progress: 10%
6-26-2025 09:23:24-debug: Fill script data to settings start, progress: 12%
6-26-2025 09:23:24-debug: // ---- build task Fill script data to settings ----
6-26-2025 09:23:24-debug: // ---- build task Fill script data to settings ---- (1ms)
6-26-2025 09:23:24-debug: run build task Fill script data to settings success in 1 ms√, progress: 13%
6-26-2025 09:23:24-debug: Sort some build options to settings.json start, progress: 13%
6-26-2025 09:23:24-debug: // ---- build task Sort some build options to settings.json ----
6-26-2025 09:23:24-debug: [Build Memory track]: Fill script data to settings start:165.42MB, end 165.43MB, increase: 13.40KB
6-26-2025 09:23:24-debug: // ---- build task Sort some build options to settings.json ---- (1ms)
6-26-2025 09:23:24-debug: run build task Sort some build options to settings.json success in 1 ms√, progress: 15%
6-26-2025 09:23:24-debug: [Build Memory track]: Sort some build options to settings.json start:165.44MB, end 165.57MB, increase: 129.47KB
6-26-2025 09:24:31-debug: refresh db internal success
6-26-2025 09:24:31-debug: refresh db assets success
6-26-2025 09:24:31-debug: Run asset db hook engine-extends:afterRefresh ...
6-26-2025 09:24:31-debug: asset-db:refresh-all-database (43ms)
6-26-2025 09:24:31-debug: Run asset db hook engine-extends:afterRefresh success!
6-26-2025 09:26:27-debug: refresh db internal success
6-26-2025 09:26:27-debug: refresh db assets success
6-26-2025 09:26:27-debug: Run asset db hook engine-extends:afterRefresh ...
6-26-2025 09:26:27-debug: Run asset db hook engine-extends:afterRefresh success!
6-26-2025 09:26:27-debug: asset-db:refresh-all-database (47ms)
6-26-2025 09:26:54-debug: refresh db internal success
6-26-2025 09:26:54-debug: refresh db assets success
6-26-2025 09:26:54-debug: Run asset db hook engine-extends:afterRefresh success!
6-26-2025 09:26:54-debug: Run asset db hook engine-extends:afterRefresh ...
6-26-2025 09:26:54-debug: asset-db:refresh-all-database (43ms)
6-26-2025 09:33:57-debug: refresh db internal success
6-26-2025 09:33:57-debug: refresh db assets success
6-26-2025 09:33:57-debug: Run asset db hook engine-extends:afterRefresh ...
6-26-2025 09:33:57-debug: Run asset db hook engine-extends:afterRefresh success!
6-26-2025 09:33:57-debug: asset-db:refresh-all-database (40ms)
6-26-2025 09:33:57-debug: asset-db-hook-engine-extends-afterRefresh (1ms)
6-26-2025 09:34:23-debug: start refresh asset from /Users/admin/Documents/GitHub/CMGameRepo/assets/MainGameScene.scene...
6-26-2025 09:34:23-debug: %cImport%c: /Users/admin/Documents/GitHub/CMGameRepo/assets/MainGameScene.scenebackground: #aaff85; color: #000;color: #000;
6-26-2025 09:34:23-debug: refresh asset /Users/admin/Documents/GitHub/CMGameRepo/assets success
6-26-2025 09:34:25-debug: refresh db internal success
6-26-2025 09:34:25-debug: refresh db assets success
6-26-2025 09:34:25-debug: Run asset db hook engine-extends:afterRefresh ...
6-26-2025 09:34:25-debug: Run asset db hook engine-extends:afterRefresh success!
6-26-2025 09:34:25-debug: asset-db:refresh-all-database (41ms)
6-26-2025 09:34:27-debug: Query all assets info in project
6-26-2025 09:34:27-debug: init custom config: keepNodeUuid: false, useCache: true
6-26-2025 09:34:27-debug: Query asset bundle start, progress: 0%
6-26-2025 09:34:27-debug: // ---- build task Query asset bundle ----
6-26-2025 09:34:27-debug: Query preload assets from cc.config.json: 60f7195c-ec2a-45eb-ba94-8955f60e81d0,1c02ae6f-4492-4915-b8f8-7492a3b1e4cd,810e96e4-e456-4468-9b59-f4e8f39732c0,efe8e2a3-eace-427b-b4f1-cb8a937ec77d,e9aa9a3e-5b2b-4ac7-a2c7-073de2b2b24f,8bbdbcdd-5cd4-4100-b6d5-b7c9625b6107,50f4348b-c883-4e2f-8f11-ce233b859fa1,fda095cb-831d-4601-ad94-846013963de8,f92806d7-1768-443f-afe8-12bcde84d0f0,dd3a144d-ab7f-41f0-82b8-2e43a090d496,f0416e68-0200-4b77-a926-4f9d16e494da,970b0598-bcb0-4714-91fb-2e81440dccd8,bcd64cc6-2dd9-43f6-abbe-66318d332032,d930590d-bb92-4cc8-8bd1-23cd027f9edf,a3cd009f-0ab0-420d-9278-b9fdab939bbc,c27215d8-6835-4b68-bfbb-bdeac6100c04,b5d6115f-0370-4d7c-aad3-c194cc71cf98,871c3b6c-7379-419d-bda3-794b239ab90d
6-26-2025 09:34:27-debug:   Number of all scripts: 8
6-26-2025 09:34:27-debug:   Number of other assets: 303
6-26-2025 09:34:27-debug:   Number of all scenes: 1
6-26-2025 09:34:27-debug: // ---- build task Query asset bundle ---- (2ms)
6-26-2025 09:34:27-debug: [Build Memory track]: Query asset bundle start:169.91MB, end 169.46MB, increase: -459.43KB
6-26-2025 09:34:27-debug: run build task Query asset bundle success in 2 ms√, progress: 5%
6-26-2025 09:34:27-debug: // ---- build task Query asset bundle ----
6-26-2025 09:34:27-debug: Query asset bundle start, progress: 5%
6-26-2025 09:34:27-debug: // ---- build task Query asset bundle ---- (1ms)
6-26-2025 09:34:27-debug: run build task Query asset bundle success in 1 ms√, progress: 10%
6-26-2025 09:34:27-debug: [Build Memory track]: Query asset bundle start:169.47MB, end 169.53MB, increase: 66.93KB
6-26-2025 09:34:27-debug: // ---- build task Sort some build options to settings.json ----
6-26-2025 09:34:27-debug: Sort some build options to settings.json start, progress: 10%
6-26-2025 09:34:27-debug: run build task Sort some build options to settings.json success in √, progress: 12%
6-26-2025 09:34:27-debug: [Build Memory track]: Sort some build options to settings.json start:169.54MB, end 169.55MB, increase: 9.45KB
6-26-2025 09:34:27-debug: Fill script data to settings start, progress: 12%
6-26-2025 09:34:27-debug: run build task Fill script data to settings success in √, progress: 13%
6-26-2025 09:34:27-debug: [Build Memory track]: Fill script data to settings start:169.56MB, end 169.57MB, increase: 9.18KB
6-26-2025 09:34:27-debug: // ---- build task Fill script data to settings ----
6-26-2025 09:34:27-debug: Sort some build options to settings.json start, progress: 13%
6-26-2025 09:34:27-debug: // ---- build task Sort some build options to settings.json ----
6-26-2025 09:34:27-debug: // ---- build task Sort some build options to settings.json ---- (1ms)
6-26-2025 09:34:27-debug: run build task Sort some build options to settings.json success in 1 ms√, progress: 15%
6-26-2025 09:34:27-debug: [Build Memory track]: Sort some build options to settings.json start:169.58MB, end 169.69MB, increase: 115.83KB
6-26-2025 09:35:02-debug: refresh db internal success
6-26-2025 09:35:02-debug: refresh db assets success
6-26-2025 09:35:02-debug: Run asset db hook engine-extends:afterRefresh ...
6-26-2025 09:35:02-debug: Run asset db hook engine-extends:afterRefresh success!
6-26-2025 09:35:02-debug: asset-db:refresh-all-database (42ms)
6-26-2025 09:35:04-debug: start refresh asset from /Users/admin/Documents/GitHub/CMGameRepo/assets/MainGameScene.scene...
6-26-2025 09:35:04-debug: %cImport%c: /Users/admin/Documents/GitHub/CMGameRepo/assets/MainGameScene.scenebackground: #aaff85; color: #000;color: #000;
6-26-2025 09:35:04-debug: refresh asset /Users/admin/Documents/GitHub/CMGameRepo/assets success
6-26-2025 09:35:06-debug: Query all assets info in project
6-26-2025 09:35:06-debug: init custom config: keepNodeUuid: false, useCache: true
6-26-2025 09:35:06-debug: Query asset bundle start, progress: 0%
6-26-2025 09:35:06-debug: // ---- build task Query asset bundle ----
6-26-2025 09:35:06-debug: Query preload assets from cc.config.json: 60f7195c-ec2a-45eb-ba94-8955f60e81d0,1c02ae6f-4492-4915-b8f8-7492a3b1e4cd,810e96e4-e456-4468-9b59-f4e8f39732c0,efe8e2a3-eace-427b-b4f1-cb8a937ec77d,e9aa9a3e-5b2b-4ac7-a2c7-073de2b2b24f,8bbdbcdd-5cd4-4100-b6d5-b7c9625b6107,50f4348b-c883-4e2f-8f11-ce233b859fa1,fda095cb-831d-4601-ad94-846013963de8,f92806d7-1768-443f-afe8-12bcde84d0f0,dd3a144d-ab7f-41f0-82b8-2e43a090d496,f0416e68-0200-4b77-a926-4f9d16e494da,970b0598-bcb0-4714-91fb-2e81440dccd8,bcd64cc6-2dd9-43f6-abbe-66318d332032,d930590d-bb92-4cc8-8bd1-23cd027f9edf,a3cd009f-0ab0-420d-9278-b9fdab939bbc,c27215d8-6835-4b68-bfbb-bdeac6100c04,b5d6115f-0370-4d7c-aad3-c194cc71cf98,871c3b6c-7379-419d-bda3-794b239ab90d
6-26-2025 09:35:06-debug:   Number of other assets: 303
6-26-2025 09:35:06-debug:   Number of all scripts: 8
6-26-2025 09:35:06-debug:   Number of all scenes: 1
6-26-2025 09:35:06-debug: // ---- build task Query asset bundle ---- (2ms)
6-26-2025 09:35:06-debug: run build task Query asset bundle success in 2 ms√, progress: 5%
6-26-2025 09:35:06-debug: [Build Memory track]: Query asset bundle start:170.56MB, end 171.00MB, increase: 446.15KB
6-26-2025 09:35:06-debug: // ---- build task Query asset bundle ----
6-26-2025 09:35:06-debug: Query asset bundle start, progress: 5%
6-26-2025 09:35:06-debug: // ---- build task Query asset bundle ---- (1ms)
6-26-2025 09:35:06-debug: Sort some build options to settings.json start, progress: 10%
6-26-2025 09:35:06-debug: run build task Query asset bundle success in 1 ms√, progress: 10%
6-26-2025 09:35:06-debug: // ---- build task Sort some build options to settings.json ----
6-26-2025 09:35:06-debug: [Build Memory track]: Query asset bundle start:171.01MB, end 171.07MB, increase: 66.11KB
6-26-2025 09:35:06-debug: run build task Sort some build options to settings.json success in √, progress: 12%
6-26-2025 09:35:06-debug: [Build Memory track]: Sort some build options to settings.json start:171.08MB, end 171.09MB, increase: 8.89KB
6-26-2025 09:35:06-debug: // ---- build task Fill script data to settings ----
6-26-2025 09:35:06-debug: Fill script data to settings start, progress: 12%
6-26-2025 09:35:06-debug: [Build Memory track]: Fill script data to settings start:171.10MB, end 171.11MB, increase: 9.60KB
6-26-2025 09:35:06-debug: Sort some build options to settings.json start, progress: 13%
6-26-2025 09:35:06-debug: run build task Fill script data to settings success in √, progress: 13%
6-26-2025 09:35:06-debug: // ---- build task Sort some build options to settings.json ----
6-26-2025 09:35:06-debug: // ---- build task Sort some build options to settings.json ---- (1ms)
6-26-2025 09:35:06-debug: run build task Sort some build options to settings.json success in 1 ms√, progress: 15%
6-26-2025 09:35:06-debug: [Build Memory track]: Sort some build options to settings.json start:171.12MB, end 170.39MB, increase: -747.74KB
6-26-2025 09:36:05-debug: refresh db internal success
6-26-2025 09:36:05-debug: refresh db assets success
6-26-2025 09:36:05-debug: Run asset db hook engine-extends:afterRefresh ...
6-26-2025 09:36:05-debug: Run asset db hook engine-extends:afterRefresh success!
6-26-2025 09:36:05-debug: asset-db:refresh-all-database (42ms)
6-26-2025 09:36:05-debug: asset-db-hook-engine-extends-afterRefresh (1ms)
6-26-2025 09:36:05-debug: asset-db:worker-effect-data-processing (1ms)
6-26-2025 09:47:08-debug: refresh db internal success
6-26-2025 09:47:08-debug: refresh db assets success
6-26-2025 09:47:08-debug: Run asset db hook engine-extends:afterRefresh ...
6-26-2025 09:47:08-debug: Run asset db hook engine-extends:afterRefresh success!
6-26-2025 09:47:08-debug: asset-db:refresh-all-database (36ms)
6-26-2025 09:47:13-debug: start refresh asset from /Users/admin/Documents/GitHub/CMGameRepo/assets/MainGameScene.scene...
6-26-2025 09:47:13-debug: %cImport%c: /Users/admin/Documents/GitHub/CMGameRepo/assets/MainGameScene.scenebackground: #aaff85; color: #000;color: #000;
6-26-2025 09:47:13-debug: refresh asset /Users/admin/Documents/GitHub/CMGameRepo/assets success
6-26-2025 09:47:14-debug: Query all assets info in project
6-26-2025 09:47:14-debug: init custom config: keepNodeUuid: false, useCache: true
6-26-2025 09:47:14-debug: Query asset bundle start, progress: 0%
6-26-2025 09:47:14-debug: // ---- build task Query asset bundle ----
6-26-2025 09:47:14-debug: Query preload assets from cc.config.json: 60f7195c-ec2a-45eb-ba94-8955f60e81d0,1c02ae6f-4492-4915-b8f8-7492a3b1e4cd,810e96e4-e456-4468-9b59-f4e8f39732c0,efe8e2a3-eace-427b-b4f1-cb8a937ec77d,e9aa9a3e-5b2b-4ac7-a2c7-073de2b2b24f,8bbdbcdd-5cd4-4100-b6d5-b7c9625b6107,50f4348b-c883-4e2f-8f11-ce233b859fa1,fda095cb-831d-4601-ad94-846013963de8,f92806d7-1768-443f-afe8-12bcde84d0f0,dd3a144d-ab7f-41f0-82b8-2e43a090d496,f0416e68-0200-4b77-a926-4f9d16e494da,970b0598-bcb0-4714-91fb-2e81440dccd8,bcd64cc6-2dd9-43f6-abbe-66318d332032,d930590d-bb92-4cc8-8bd1-23cd027f9edf,a3cd009f-0ab0-420d-9278-b9fdab939bbc,c27215d8-6835-4b68-bfbb-bdeac6100c04,b5d6115f-0370-4d7c-aad3-c194cc71cf98,871c3b6c-7379-419d-bda3-794b239ab90d
6-26-2025 09:47:14-debug:   Number of all scripts: 8
6-26-2025 09:47:14-debug:   Number of other assets: 303
6-26-2025 09:47:14-debug:   Number of all scenes: 1
6-26-2025 09:47:14-debug: // ---- build task Query asset bundle ---- (4ms)
6-26-2025 09:47:14-debug: run build task Query asset bundle success in 4 ms√, progress: 5%
6-26-2025 09:47:14-debug: Query asset bundle start, progress: 5%
6-26-2025 09:47:14-debug: [Build Memory track]: Query asset bundle start:171.65MB, end 172.09MB, increase: 450.79KB
6-26-2025 09:47:14-debug: // ---- build task Query asset bundle ----
6-26-2025 09:47:14-debug: run build task Query asset bundle success in √, progress: 10%
6-26-2025 09:47:14-debug: Sort some build options to settings.json start, progress: 10%
6-26-2025 09:47:14-debug: [Build Memory track]: Query asset bundle start:172.10MB, end 171.28MB, increase: -844.39KB
6-26-2025 09:47:14-debug: // ---- build task Sort some build options to settings.json ----
6-26-2025 09:47:14-debug: [Build Memory track]: Sort some build options to settings.json start:171.29MB, end 171.30MB, increase: 9.03KB
6-26-2025 09:47:14-debug: run build task Sort some build options to settings.json success in √, progress: 12%
6-26-2025 09:47:14-debug: // ---- build task Fill script data to settings ----
6-26-2025 09:47:14-debug: Fill script data to settings start, progress: 12%
6-26-2025 09:47:14-debug: run build task Fill script data to settings success in √, progress: 13%
6-26-2025 09:47:14-debug: [Build Memory track]: Fill script data to settings start:171.30MB, end 171.31MB, increase: 10.60KB
6-26-2025 09:47:14-debug: Sort some build options to settings.json start, progress: 13%
6-26-2025 09:47:14-debug: // ---- build task Sort some build options to settings.json ----
6-26-2025 09:47:14-debug: // ---- build task Sort some build options to settings.json ---- (2ms)
6-26-2025 09:47:14-debug: [Build Memory track]: Sort some build options to settings.json start:171.32MB, end 171.43MB, increase: 114.43KB
6-26-2025 09:47:14-debug: run build task Sort some build options to settings.json success in 2 ms√, progress: 15%
6-26-2025 09:49:55-debug: refresh db internal success
6-26-2025 09:49:55-debug: %cImport%c: /Users/admin/Documents/GitHub/CMGameRepo/assets/Scripts/CardController.tsbackground: #aaff85; color: #000;color: #000;
6-26-2025 09:49:55-debug: refresh db assets success
6-26-2025 09:49:55-debug: Run asset db hook engine-extends:afterRefresh success!
6-26-2025 09:49:55-debug: Run asset db hook engine-extends:afterRefresh ...
6-26-2025 09:49:55-debug: asset-db:refresh-all-database (38ms)
6-26-2025 09:51:28-debug: refresh db internal success
6-26-2025 09:51:28-debug: %cImport%c: /Users/admin/Documents/GitHub/CMGameRepo/assets/Scripts/CardController.tsbackground: #aaff85; color: #000;color: #000;
6-26-2025 09:51:28-debug: refresh db assets success
6-26-2025 09:51:28-debug: Run asset db hook engine-extends:afterRefresh ...
6-26-2025 09:51:28-debug: Run asset db hook engine-extends:afterRefresh success!
6-26-2025 09:51:28-debug: asset-db:refresh-all-database (43ms)
6-26-2025 09:51:28-debug: asset-db-hook-engine-extends-afterRefresh (1ms)
6-26-2025 09:51:28-debug: asset-db:worker-effect-data-processing (1ms)
6-26-2025 09:51:31-debug: Query all assets info in project
6-26-2025 09:51:31-debug: init custom config: keepNodeUuid: false, useCache: true
6-26-2025 09:51:31-debug: Query asset bundle start, progress: 0%
6-26-2025 09:51:31-debug: // ---- build task Query asset bundle ----
6-26-2025 09:51:31-debug: Query preload assets from cc.config.json: 60f7195c-ec2a-45eb-ba94-8955f60e81d0,1c02ae6f-4492-4915-b8f8-7492a3b1e4cd,810e96e4-e456-4468-9b59-f4e8f39732c0,efe8e2a3-eace-427b-b4f1-cb8a937ec77d,e9aa9a3e-5b2b-4ac7-a2c7-073de2b2b24f,8bbdbcdd-5cd4-4100-b6d5-b7c9625b6107,50f4348b-c883-4e2f-8f11-ce233b859fa1,fda095cb-831d-4601-ad94-846013963de8,f92806d7-1768-443f-afe8-12bcde84d0f0,dd3a144d-ab7f-41f0-82b8-2e43a090d496,f0416e68-0200-4b77-a926-4f9d16e494da,970b0598-bcb0-4714-91fb-2e81440dccd8,bcd64cc6-2dd9-43f6-abbe-66318d332032,d930590d-bb92-4cc8-8bd1-23cd027f9edf,a3cd009f-0ab0-420d-9278-b9fdab939bbc,c27215d8-6835-4b68-bfbb-bdeac6100c04,b5d6115f-0370-4d7c-aad3-c194cc71cf98,871c3b6c-7379-419d-bda3-794b239ab90d
6-26-2025 09:51:31-debug:   Number of all scenes: 1
6-26-2025 09:51:31-debug:   Number of other assets: 303
6-26-2025 09:51:31-debug:   Number of all scripts: 8
6-26-2025 09:51:31-debug: // ---- build task Query asset bundle ---- (1ms)
6-26-2025 09:51:31-debug: run build task Query asset bundle success in 1 ms√, progress: 5%
6-26-2025 09:51:31-debug: [Build Memory track]: Query asset bundle start:172.15MB, end 172.81MB, increase: 676.38KB
6-26-2025 09:51:31-debug: Query asset bundle start, progress: 5%
6-26-2025 09:51:31-debug: // ---- build task Query asset bundle ----
6-26-2025 09:51:31-debug: run build task Query asset bundle success in √, progress: 10%
6-26-2025 09:51:31-debug: [Build Memory track]: Query asset bundle start:172.81MB, end 172.88MB, increase: 63.32KB
6-26-2025 09:51:31-debug: Sort some build options to settings.json start, progress: 10%
6-26-2025 09:51:31-debug: // ---- build task Sort some build options to settings.json ----
6-26-2025 09:51:31-debug: [Build Memory track]: Sort some build options to settings.json start:172.89MB, end 172.89MB, increase: 8.86KB
6-26-2025 09:51:31-debug: run build task Sort some build options to settings.json success in √, progress: 12%
6-26-2025 09:51:31-debug: // ---- build task Fill script data to settings ----
6-26-2025 09:51:31-debug: Fill script data to settings start, progress: 12%
6-26-2025 09:51:31-debug: run build task Fill script data to settings success in √, progress: 13%
6-26-2025 09:51:31-debug: [Build Memory track]: Fill script data to settings start:172.90MB, end 172.91MB, increase: 11.03KB
6-26-2025 09:51:31-debug: // ---- build task Sort some build options to settings.json ----
6-26-2025 09:51:31-debug: Sort some build options to settings.json start, progress: 13%
6-26-2025 09:51:31-debug: // ---- build task Sort some build options to settings.json ---- (1ms)
6-26-2025 09:51:31-debug: run build task Sort some build options to settings.json success in 1 ms√, progress: 15%
6-26-2025 09:51:31-debug: [Build Memory track]: Sort some build options to settings.json start:172.92MB, end 173.03MB, increase: 114.29KB
6-26-2025 09:52:40-debug: refresh db internal success
6-26-2025 09:52:40-debug: %cImport%c: /Users/admin/Documents/GitHub/CMGameRepo/assets/Scripts/CardController.tsbackground: #aaff85; color: #000;color: #000;
6-26-2025 09:52:40-debug: refresh db assets success
6-26-2025 09:52:40-debug: Run asset db hook engine-extends:afterRefresh ...
6-26-2025 09:52:40-debug: Run asset db hook engine-extends:afterRefresh success!
6-26-2025 09:52:40-debug: asset-db:refresh-all-database (36ms)
6-26-2025 09:52:40-debug: asset-db:worker-effect-data-processing (1ms)
6-26-2025 09:52:40-debug: asset-db-hook-engine-extends-afterRefresh (1ms)
6-26-2025 09:52:43-debug: Query all assets info in project
6-26-2025 09:52:43-debug: init custom config: keepNodeUuid: false, useCache: true
6-26-2025 09:52:43-debug: Query asset bundle start, progress: 0%
6-26-2025 09:52:43-debug: // ---- build task Query asset bundle ----
6-26-2025 09:52:43-debug: Query preload assets from cc.config.json: 60f7195c-ec2a-45eb-ba94-8955f60e81d0,1c02ae6f-4492-4915-b8f8-7492a3b1e4cd,810e96e4-e456-4468-9b59-f4e8f39732c0,efe8e2a3-eace-427b-b4f1-cb8a937ec77d,e9aa9a3e-5b2b-4ac7-a2c7-073de2b2b24f,8bbdbcdd-5cd4-4100-b6d5-b7c9625b6107,50f4348b-c883-4e2f-8f11-ce233b859fa1,fda095cb-831d-4601-ad94-846013963de8,f92806d7-1768-443f-afe8-12bcde84d0f0,dd3a144d-ab7f-41f0-82b8-2e43a090d496,f0416e68-0200-4b77-a926-4f9d16e494da,970b0598-bcb0-4714-91fb-2e81440dccd8,bcd64cc6-2dd9-43f6-abbe-66318d332032,d930590d-bb92-4cc8-8bd1-23cd027f9edf,a3cd009f-0ab0-420d-9278-b9fdab939bbc,c27215d8-6835-4b68-bfbb-bdeac6100c04,b5d6115f-0370-4d7c-aad3-c194cc71cf98,871c3b6c-7379-419d-bda3-794b239ab90d
6-26-2025 09:52:43-debug:   Number of all scripts: 8
6-26-2025 09:52:43-debug:   Number of other assets: 303
6-26-2025 09:52:43-debug:   Number of all scenes: 1
6-26-2025 09:52:43-debug: // ---- build task Query asset bundle ---- (2ms)
6-26-2025 09:52:43-debug: run build task Query asset bundle success in 2 ms√, progress: 5%
6-26-2025 09:52:43-debug: [Build Memory track]: Query asset bundle start:173.57MB, end 173.17MB, increase: -409.95KB
6-26-2025 09:52:43-debug: Query asset bundle start, progress: 5%
6-26-2025 09:52:43-debug: // ---- build task Query asset bundle ----
6-26-2025 09:52:43-debug: // ---- build task Query asset bundle ---- (1ms)
6-26-2025 09:52:43-debug: run build task Query asset bundle success in 1 ms√, progress: 10%
6-26-2025 09:52:43-debug: [Build Memory track]: Query asset bundle start:173.18MB, end 173.24MB, increase: 65.84KB
6-26-2025 09:52:43-debug: // ---- build task Sort some build options to settings.json ----
6-26-2025 09:52:43-debug: Sort some build options to settings.json start, progress: 10%
6-26-2025 09:52:43-debug: run build task Sort some build options to settings.json success in √, progress: 12%
6-26-2025 09:52:43-debug: [Build Memory track]: Sort some build options to settings.json start:173.25MB, end 173.26MB, increase: 9.58KB
6-26-2025 09:52:43-debug: // ---- build task Fill script data to settings ----
6-26-2025 09:52:43-debug: Fill script data to settings start, progress: 12%
6-26-2025 09:52:43-debug: run build task Fill script data to settings success in 1 ms√, progress: 13%
6-26-2025 09:52:43-debug: Sort some build options to settings.json start, progress: 13%
6-26-2025 09:52:43-debug: // ---- build task Sort some build options to settings.json ----
6-26-2025 09:52:43-debug: // ---- build task Fill script data to settings ---- (1ms)
6-26-2025 09:52:43-debug: [Build Memory track]: Fill script data to settings start:173.27MB, end 173.28MB, increase: 11.29KB
6-26-2025 09:52:43-debug: // ---- build task Sort some build options to settings.json ---- (1ms)
6-26-2025 09:52:43-debug: run build task Sort some build options to settings.json success in 1 ms√, progress: 15%
6-26-2025 09:52:43-debug: [Build Memory track]: Sort some build options to settings.json start:173.29MB, end 173.41MB, increase: 122.74KB
6-26-2025 09:53:14-debug: refresh db internal success
6-26-2025 09:53:14-debug: %cImport%c: /Users/admin/Documents/GitHub/CMGameRepo/assets/Scripts/CardController.tsbackground: #aaff85; color: #000;color: #000;
6-26-2025 09:53:14-debug: refresh db assets success
6-26-2025 09:53:14-debug: Run asset db hook engine-extends:afterRefresh ...
6-26-2025 09:53:14-debug: Run asset db hook engine-extends:afterRefresh success!
6-26-2025 09:53:14-debug: asset-db:refresh-all-database (27ms)
6-26-2025 09:53:15-debug: Query all assets info in project
6-26-2025 09:53:15-debug: init custom config: keepNodeUuid: false, useCache: true
6-26-2025 09:53:15-debug: Query asset bundle start, progress: 0%
6-26-2025 09:53:15-debug: // ---- build task Query asset bundle ----
6-26-2025 09:53:15-debug: Query preload assets from cc.config.json: 60f7195c-ec2a-45eb-ba94-8955f60e81d0,1c02ae6f-4492-4915-b8f8-7492a3b1e4cd,810e96e4-e456-4468-9b59-f4e8f39732c0,efe8e2a3-eace-427b-b4f1-cb8a937ec77d,e9aa9a3e-5b2b-4ac7-a2c7-073de2b2b24f,8bbdbcdd-5cd4-4100-b6d5-b7c9625b6107,50f4348b-c883-4e2f-8f11-ce233b859fa1,fda095cb-831d-4601-ad94-846013963de8,f92806d7-1768-443f-afe8-12bcde84d0f0,dd3a144d-ab7f-41f0-82b8-2e43a090d496,f0416e68-0200-4b77-a926-4f9d16e494da,970b0598-bcb0-4714-91fb-2e81440dccd8,bcd64cc6-2dd9-43f6-abbe-66318d332032,d930590d-bb92-4cc8-8bd1-23cd027f9edf,a3cd009f-0ab0-420d-9278-b9fdab939bbc,c27215d8-6835-4b68-bfbb-bdeac6100c04,b5d6115f-0370-4d7c-aad3-c194cc71cf98,871c3b6c-7379-419d-bda3-794b239ab90d
6-26-2025 09:53:15-debug:   Number of all scenes: 1
6-26-2025 09:53:15-debug:   Number of all scripts: 8
6-26-2025 09:53:15-debug:   Number of other assets: 303
6-26-2025 09:53:15-debug: // ---- build task Query asset bundle ---- (2ms)
6-26-2025 09:53:15-debug: run build task Query asset bundle success in 2 ms√, progress: 5%
6-26-2025 09:53:15-debug: [Build Memory track]: Query asset bundle start:173.46MB, end 173.89MB, increase: 438.02KB
6-26-2025 09:53:15-debug: Query asset bundle start, progress: 5%
6-26-2025 09:53:15-debug: // ---- build task Query asset bundle ----
6-26-2025 09:53:15-debug: // ---- build task Query asset bundle ---- (1ms)
6-26-2025 09:53:15-debug: run build task Query asset bundle success in 1 ms√, progress: 10%
6-26-2025 09:53:15-debug: [Build Memory track]: Query asset bundle start:173.90MB, end 173.96MB, increase: 66.69KB
6-26-2025 09:53:15-debug: // ---- build task Sort some build options to settings.json ----
6-26-2025 09:53:15-debug: Sort some build options to settings.json start, progress: 10%
6-26-2025 09:53:15-debug: run build task Sort some build options to settings.json success in √, progress: 12%
6-26-2025 09:53:15-debug: Fill script data to settings start, progress: 12%
6-26-2025 09:53:15-debug: run build task Fill script data to settings success in √, progress: 13%
6-26-2025 09:53:15-debug: // ---- build task Fill script data to settings ----
6-26-2025 09:53:15-debug: [Build Memory track]: Fill script data to settings start:173.99MB, end 174.00MB, increase: 7.37KB
6-26-2025 09:53:15-debug: Sort some build options to settings.json start, progress: 13%
6-26-2025 09:53:15-debug: // ---- build task Sort some build options to settings.json ----
6-26-2025 09:53:15-debug: [Build Memory track]: Sort some build options to settings.json start:173.97MB, end 173.98MB, increase: 9.18KB
6-26-2025 09:53:15-debug: // ---- build task Sort some build options to settings.json ---- (2ms)
6-26-2025 09:53:15-debug: run build task Sort some build options to settings.json success in 2 ms√, progress: 15%
6-26-2025 09:53:15-debug: [Build Memory track]: Sort some build options to settings.json start:174.00MB, end 174.12MB, increase: 118.22KB
6-26-2025 09:53:47-debug: refresh db internal success
6-26-2025 09:53:47-debug: %cImport%c: /Users/admin/Documents/GitHub/CMGameRepo/assets/Scripts/CardController.tsbackground: #aaff85; color: #000;color: #000;
6-26-2025 09:53:47-debug: refresh db assets success
6-26-2025 09:53:47-debug: Run asset db hook engine-extends:afterRefresh ...
6-26-2025 09:53:47-debug: Run asset db hook engine-extends:afterRefresh success!
6-26-2025 09:53:47-debug: asset-db:refresh-all-database (35ms)
6-26-2025 09:53:50-debug: refresh db internal success
6-26-2025 09:53:50-debug: %cImport%c: /Users/admin/Documents/GitHub/CMGameRepo/assets/Scripts/CardController.tsbackground: #aaff85; color: #000;color: #000;
6-26-2025 09:53:50-debug: refresh db assets success
6-26-2025 09:53:50-debug: Run asset db hook engine-extends:afterRefresh ...
6-26-2025 09:53:50-debug: Run asset db hook engine-extends:afterRefresh success!
6-26-2025 09:53:50-debug: asset-db:refresh-all-database (41ms)
6-26-2025 09:53:50-debug: asset-db-hook-engine-extends-afterRefresh (1ms)
6-26-2025 09:53:52-debug: Query all assets info in project
6-26-2025 09:53:52-debug: init custom config: keepNodeUuid: false, useCache: true
6-26-2025 09:53:52-debug: Query asset bundle start, progress: 0%
6-26-2025 09:53:52-debug: // ---- build task Query asset bundle ----
6-26-2025 09:53:52-debug: Query preload assets from cc.config.json: 60f7195c-ec2a-45eb-ba94-8955f60e81d0,1c02ae6f-4492-4915-b8f8-7492a3b1e4cd,810e96e4-e456-4468-9b59-f4e8f39732c0,efe8e2a3-eace-427b-b4f1-cb8a937ec77d,e9aa9a3e-5b2b-4ac7-a2c7-073de2b2b24f,8bbdbcdd-5cd4-4100-b6d5-b7c9625b6107,50f4348b-c883-4e2f-8f11-ce233b859fa1,fda095cb-831d-4601-ad94-846013963de8,f92806d7-1768-443f-afe8-12bcde84d0f0,dd3a144d-ab7f-41f0-82b8-2e43a090d496,f0416e68-0200-4b77-a926-4f9d16e494da,970b0598-bcb0-4714-91fb-2e81440dccd8,bcd64cc6-2dd9-43f6-abbe-66318d332032,d930590d-bb92-4cc8-8bd1-23cd027f9edf,a3cd009f-0ab0-420d-9278-b9fdab939bbc,c27215d8-6835-4b68-bfbb-bdeac6100c04,b5d6115f-0370-4d7c-aad3-c194cc71cf98,871c3b6c-7379-419d-bda3-794b239ab90d
6-26-2025 09:53:52-debug:   Number of all scenes: 1
6-26-2025 09:53:52-debug:   Number of all scripts: 8
6-26-2025 09:53:52-debug:   Number of other assets: 303
6-26-2025 09:53:52-debug: // ---- build task Query asset bundle ---- (3ms)
6-26-2025 09:53:52-debug: run build task Query asset bundle success in 3 ms√, progress: 5%
6-26-2025 09:53:52-debug: [Build Memory track]: Query asset bundle start:174.87MB, end 175.30MB, increase: 434.52KB
6-26-2025 09:53:52-debug: // ---- build task Query asset bundle ----
6-26-2025 09:53:52-debug: Query asset bundle start, progress: 5%
6-26-2025 09:53:52-debug: run build task Query asset bundle success in √, progress: 10%
6-26-2025 09:53:52-debug: Sort some build options to settings.json start, progress: 10%
6-26-2025 09:53:52-debug: [Build Memory track]: Query asset bundle start:175.30MB, end 175.37MB, increase: 63.48KB
6-26-2025 09:53:52-debug: // ---- build task Sort some build options to settings.json ----
6-26-2025 09:53:52-debug: // ---- build task Sort some build options to settings.json ---- (1ms)
6-26-2025 09:53:52-debug: // ---- build task Fill script data to settings ----
6-26-2025 09:53:52-debug: [Build Memory track]: Sort some build options to settings.json start:175.38MB, end 175.39MB, increase: 11.77KB
6-26-2025 09:53:52-debug: run build task Sort some build options to settings.json success in 1 ms√, progress: 12%
6-26-2025 09:53:52-debug: Fill script data to settings start, progress: 12%
6-26-2025 09:53:52-debug: run build task Fill script data to settings success in √, progress: 13%
6-26-2025 09:53:52-debug: Sort some build options to settings.json start, progress: 13%
6-26-2025 09:53:52-debug: [Build Memory track]: Fill script data to settings start:175.40MB, end 174.68MB, increase: -733.70KB
6-26-2025 09:53:52-debug: // ---- build task Sort some build options to settings.json ----
6-26-2025 09:53:52-debug: // ---- build task Sort some build options to settings.json ---- (1ms)
6-26-2025 09:53:52-debug: run build task Sort some build options to settings.json success in 1 ms√, progress: 15%
6-26-2025 09:53:52-debug: [Build Memory track]: Sort some build options to settings.json start:174.69MB, end 174.80MB, increase: 115.07KB
6-26-2025 09:54:17-debug: start refresh asset from /Users/admin/Documents/GitHub/CMGameRepo/assets/MainGameScene.scene...
6-26-2025 09:54:17-debug: %cImport%c: /Users/admin/Documents/GitHub/CMGameRepo/assets/MainGameScene.scenebackground: #aaff85; color: #000;color: #000;
6-26-2025 09:54:17-debug: refresh asset /Users/admin/Documents/GitHub/CMGameRepo/assets success
6-26-2025 09:54:23-debug: Query all assets info in project
6-26-2025 09:54:23-debug: init custom config: keepNodeUuid: false, useCache: true
6-26-2025 09:54:23-debug: Query asset bundle start, progress: 0%
6-26-2025 09:54:23-debug: // ---- build task Query asset bundle ----
6-26-2025 09:54:23-debug: Query preload assets from cc.config.json: 60f7195c-ec2a-45eb-ba94-8955f60e81d0,1c02ae6f-4492-4915-b8f8-7492a3b1e4cd,810e96e4-e456-4468-9b59-f4e8f39732c0,efe8e2a3-eace-427b-b4f1-cb8a937ec77d,e9aa9a3e-5b2b-4ac7-a2c7-073de2b2b24f,8bbdbcdd-5cd4-4100-b6d5-b7c9625b6107,50f4348b-c883-4e2f-8f11-ce233b859fa1,fda095cb-831d-4601-ad94-846013963de8,f92806d7-1768-443f-afe8-12bcde84d0f0,dd3a144d-ab7f-41f0-82b8-2e43a090d496,f0416e68-0200-4b77-a926-4f9d16e494da,970b0598-bcb0-4714-91fb-2e81440dccd8,bcd64cc6-2dd9-43f6-abbe-66318d332032,d930590d-bb92-4cc8-8bd1-23cd027f9edf,a3cd009f-0ab0-420d-9278-b9fdab939bbc,c27215d8-6835-4b68-bfbb-bdeac6100c04,b5d6115f-0370-4d7c-aad3-c194cc71cf98,871c3b6c-7379-419d-bda3-794b239ab90d
6-26-2025 09:54:23-debug:   Number of all scripts: 8
6-26-2025 09:54:23-debug:   Number of other assets: 303
6-26-2025 09:54:23-debug:   Number of all scenes: 1
6-26-2025 09:54:23-debug: // ---- build task Query asset bundle ---- (1ms)
6-26-2025 09:54:23-debug: Query asset bundle start, progress: 5%
6-26-2025 09:54:23-debug: run build task Query asset bundle success in 1 ms√, progress: 5%
6-26-2025 09:54:23-debug: [Build Memory track]: Query asset bundle start:175.72MB, end 175.30MB, increase: -432.92KB
6-26-2025 09:54:23-debug: // ---- build task Query asset bundle ----
6-26-2025 09:54:23-debug: run build task Query asset bundle success in √, progress: 10%
6-26-2025 09:54:23-debug: [Build Memory track]: Query asset bundle start:175.31MB, end 175.37MB, increase: 63.50KB
6-26-2025 09:54:23-debug: // ---- build task Sort some build options to settings.json ----
6-26-2025 09:54:23-debug: Sort some build options to settings.json start, progress: 10%
6-26-2025 09:54:23-debug: run build task Sort some build options to settings.json success in √, progress: 12%
6-26-2025 09:54:23-debug: // ---- build task Fill script data to settings ----
6-26-2025 09:54:23-debug: [Build Memory track]: Sort some build options to settings.json start:175.38MB, end 175.39MB, increase: 8.65KB
6-26-2025 09:54:23-debug: run build task Fill script data to settings success in √, progress: 13%
6-26-2025 09:54:23-debug: [Build Memory track]: Fill script data to settings start:175.40MB, end 175.41MB, increase: 9.60KB
6-26-2025 09:54:23-debug: Fill script data to settings start, progress: 12%
6-26-2025 09:54:23-debug: // ---- build task Sort some build options to settings.json ----
6-26-2025 09:54:23-debug: Sort some build options to settings.json start, progress: 13%
6-26-2025 09:54:23-debug: // ---- build task Sort some build options to settings.json ---- (1ms)
6-26-2025 09:54:23-debug: run build task Sort some build options to settings.json success in 1 ms√, progress: 15%
6-26-2025 09:54:23-debug: [Build Memory track]: Sort some build options to settings.json start:175.41MB, end 175.53MB, increase: 115.80KB
6-26-2025 09:54:29-debug: refresh db internal success
6-26-2025 09:54:29-debug: refresh db assets success
6-26-2025 09:54:29-debug: Run asset db hook engine-extends:afterRefresh ...
6-26-2025 09:54:29-debug: Run asset db hook engine-extends:afterRefresh success!
6-26-2025 09:54:29-debug: asset-db:refresh-all-database (25ms)
6-26-2025 09:54:49-debug: refresh db internal success
6-26-2025 09:54:49-debug: refresh db assets success
6-26-2025 09:54:49-debug: Run asset db hook engine-extends:afterRefresh ...
6-26-2025 09:54:49-debug: Run asset db hook engine-extends:afterRefresh success!
6-26-2025 09:54:49-debug: asset-db:refresh-all-database (36ms)
6-26-2025 09:55:06-debug: start refresh asset from /Users/admin/Documents/GitHub/CMGameRepo/assets/MainGameScene.scene...
6-26-2025 09:55:06-debug: %cImport%c: /Users/admin/Documents/GitHub/CMGameRepo/assets/MainGameScene.scenebackground: #aaff85; color: #000;color: #000;
6-26-2025 09:55:06-debug: refresh asset /Users/admin/Documents/GitHub/CMGameRepo/assets success
6-26-2025 09:55:12-debug: start refresh asset from /Users/admin/Documents/GitHub/CMGameRepo/assets/MainGameScene.scene...
6-26-2025 09:55:12-debug: %cImport%c: /Users/admin/Documents/GitHub/CMGameRepo/assets/MainGameScene.scenebackground: #aaff85; color: #000;color: #000;
6-26-2025 09:55:12-debug: refresh asset /Users/admin/Documents/GitHub/CMGameRepo/assets success
6-26-2025 09:55:14-debug: Query all assets info in project
6-26-2025 09:55:14-debug: init custom config: keepNodeUuid: false, useCache: true
6-26-2025 09:55:14-debug: Query asset bundle start, progress: 0%
6-26-2025 09:55:14-debug: // ---- build task Query asset bundle ----
6-26-2025 09:55:14-debug: Query preload assets from cc.config.json: 60f7195c-ec2a-45eb-ba94-8955f60e81d0,1c02ae6f-4492-4915-b8f8-7492a3b1e4cd,810e96e4-e456-4468-9b59-f4e8f39732c0,efe8e2a3-eace-427b-b4f1-cb8a937ec77d,e9aa9a3e-5b2b-4ac7-a2c7-073de2b2b24f,8bbdbcdd-5cd4-4100-b6d5-b7c9625b6107,50f4348b-c883-4e2f-8f11-ce233b859fa1,fda095cb-831d-4601-ad94-846013963de8,f92806d7-1768-443f-afe8-12bcde84d0f0,dd3a144d-ab7f-41f0-82b8-2e43a090d496,f0416e68-0200-4b77-a926-4f9d16e494da,970b0598-bcb0-4714-91fb-2e81440dccd8,bcd64cc6-2dd9-43f6-abbe-66318d332032,d930590d-bb92-4cc8-8bd1-23cd027f9edf,a3cd009f-0ab0-420d-9278-b9fdab939bbc,c27215d8-6835-4b68-bfbb-bdeac6100c04,b5d6115f-0370-4d7c-aad3-c194cc71cf98,871c3b6c-7379-419d-bda3-794b239ab90d
6-26-2025 09:55:14-debug:   Number of all scenes: 1
6-26-2025 09:55:14-debug:   Number of all scripts: 8
6-26-2025 09:55:14-debug:   Number of other assets: 303
6-26-2025 09:55:14-debug: // ---- build task Query asset bundle ---- (2ms)
6-26-2025 09:55:14-debug: run build task Query asset bundle success in 2 ms√, progress: 5%
6-26-2025 09:55:14-debug: Query asset bundle start, progress: 5%
6-26-2025 09:55:14-debug: [Build Memory track]: Query asset bundle start:176.57MB, end 176.18MB, increase: -391.05KB
6-26-2025 09:55:14-debug: // ---- build task Query asset bundle ----
6-26-2025 09:55:14-debug: run build task Query asset bundle success in √, progress: 10%
6-26-2025 09:55:14-debug: Sort some build options to settings.json start, progress: 10%
6-26-2025 09:55:14-debug: [Build Memory track]: Query asset bundle start:176.19MB, end 176.26MB, increase: 63.60KB
6-26-2025 09:55:14-debug: run build task Sort some build options to settings.json success in √, progress: 12%
6-26-2025 09:55:14-debug: [Build Memory track]: Sort some build options to settings.json start:176.26MB, end 176.27MB, increase: 9.14KB
6-26-2025 09:55:14-debug: // ---- build task Sort some build options to settings.json ----
6-26-2025 09:55:14-debug: Fill script data to settings start, progress: 12%
6-26-2025 09:55:14-debug: // ---- build task Fill script data to settings ----
6-26-2025 09:55:14-debug: run build task Fill script data to settings success in √, progress: 13%
6-26-2025 09:55:14-debug: [Build Memory track]: Fill script data to settings start:176.28MB, end 176.29MB, increase: 9.76KB
6-26-2025 09:55:14-debug: Sort some build options to settings.json start, progress: 13%
6-26-2025 09:55:14-debug: // ---- build task Sort some build options to settings.json ----
6-26-2025 09:55:14-debug: // ---- build task Sort some build options to settings.json ---- (1ms)
6-26-2025 09:55:14-debug: run build task Sort some build options to settings.json success in 1 ms√, progress: 15%
6-26-2025 09:55:14-debug: [Build Memory track]: Sort some build options to settings.json start:176.30MB, end 176.41MB, increase: 115.09KB
6-26-2025 09:55:17-debug: refresh db internal success
6-26-2025 09:55:17-debug: refresh db assets success
6-26-2025 09:55:17-debug: Run asset db hook engine-extends:afterRefresh ...
6-26-2025 09:55:17-debug: Run asset db hook engine-extends:afterRefresh success!
6-26-2025 09:55:17-debug: asset-db:refresh-all-database (33ms)
6-26-2025 09:55:50-debug: refresh db internal success
6-26-2025 09:55:50-debug: refresh db assets success
6-26-2025 09:55:50-debug: Run asset db hook engine-extends:afterRefresh ...
6-26-2025 09:55:50-debug: Run asset db hook engine-extends:afterRefresh success!
6-26-2025 09:55:50-debug: asset-db:refresh-all-database (25ms)
6-26-2025 09:55:57-debug: start refresh asset from /Users/admin/Documents/GitHub/CMGameRepo/assets/MainGameScene.scene...
6-26-2025 09:55:57-debug: %cImport%c: /Users/admin/Documents/GitHub/CMGameRepo/assets/MainGameScene.scenebackground: #aaff85; color: #000;color: #000;
6-26-2025 09:55:57-debug: refresh asset /Users/admin/Documents/GitHub/CMGameRepo/assets success
6-26-2025 09:55:59-debug: Query all assets info in project
6-26-2025 09:55:59-debug: init custom config: keepNodeUuid: false, useCache: true
6-26-2025 09:55:59-debug: Query asset bundle start, progress: 0%
6-26-2025 09:55:59-debug: // ---- build task Query asset bundle ----
6-26-2025 09:55:59-debug: Query preload assets from cc.config.json: 60f7195c-ec2a-45eb-ba94-8955f60e81d0,1c02ae6f-4492-4915-b8f8-7492a3b1e4cd,810e96e4-e456-4468-9b59-f4e8f39732c0,efe8e2a3-eace-427b-b4f1-cb8a937ec77d,e9aa9a3e-5b2b-4ac7-a2c7-073de2b2b24f,8bbdbcdd-5cd4-4100-b6d5-b7c9625b6107,50f4348b-c883-4e2f-8f11-ce233b859fa1,fda095cb-831d-4601-ad94-846013963de8,f92806d7-1768-443f-afe8-12bcde84d0f0,dd3a144d-ab7f-41f0-82b8-2e43a090d496,f0416e68-0200-4b77-a926-4f9d16e494da,970b0598-bcb0-4714-91fb-2e81440dccd8,bcd64cc6-2dd9-43f6-abbe-66318d332032,d930590d-bb92-4cc8-8bd1-23cd027f9edf,a3cd009f-0ab0-420d-9278-b9fdab939bbc,c27215d8-6835-4b68-bfbb-bdeac6100c04,b5d6115f-0370-4d7c-aad3-c194cc71cf98,871c3b6c-7379-419d-bda3-794b239ab90d
6-26-2025 09:55:59-debug:   Number of all scenes: 1
6-26-2025 09:55:59-debug:   Number of other assets: 303
6-26-2025 09:55:59-debug:   Number of all scripts: 8
6-26-2025 09:55:59-debug: // ---- build task Query asset bundle ---- (2ms)
6-26-2025 09:55:59-debug: [Build Memory track]: Query asset bundle start:177.27MB, end 177.69MB, increase: 433.31KB
6-26-2025 09:55:59-debug: run build task Query asset bundle success in 2 ms√, progress: 5%
6-26-2025 09:55:59-debug: Query asset bundle start, progress: 5%
6-26-2025 09:55:59-debug: // ---- build task Query asset bundle ----
6-26-2025 09:55:59-debug: // ---- build task Query asset bundle ---- (1ms)
6-26-2025 09:55:59-debug: run build task Query asset bundle success in 1 ms√, progress: 10%
6-26-2025 09:55:59-debug: // ---- build task Sort some build options to settings.json ----
6-26-2025 09:55:59-debug: Sort some build options to settings.json start, progress: 10%
6-26-2025 09:55:59-debug: [Build Memory track]: Query asset bundle start:177.70MB, end 177.03MB, increase: -686.14KB
6-26-2025 09:55:59-debug: // ---- build task Sort some build options to settings.json ---- (1ms)
6-26-2025 09:55:59-debug: run build task Sort some build options to settings.json success in 1 ms√, progress: 12%
6-26-2025 09:55:59-debug: [Build Memory track]: Sort some build options to settings.json start:177.04MB, end 177.05MB, increase: 12.47KB
6-26-2025 09:55:59-debug: // ---- build task Fill script data to settings ----
6-26-2025 09:55:59-debug: [Build Memory track]: Fill script data to settings start:177.06MB, end 177.07MB, increase: 8.32KB
6-26-2025 09:55:59-debug: Sort some build options to settings.json start, progress: 13%
6-26-2025 09:55:59-debug: Fill script data to settings start, progress: 12%
6-26-2025 09:55:59-debug: run build task Fill script data to settings success in √, progress: 13%
6-26-2025 09:55:59-debug: // ---- build task Sort some build options to settings.json ----
6-26-2025 09:55:59-debug: // ---- build task Sort some build options to settings.json ---- (2ms)
6-26-2025 09:55:59-debug: run build task Sort some build options to settings.json success in 2 ms√, progress: 15%
6-26-2025 09:55:59-debug: [Build Memory track]: Sort some build options to settings.json start:177.07MB, end 177.19MB, increase: 117.21KB
6-26-2025 09:56:53-debug: start refresh asset from /Users/admin/Documents/GitHub/CMGameRepo/assets/MainGameScene.scene...
6-26-2025 09:56:53-debug: %cImport%c: /Users/admin/Documents/GitHub/CMGameRepo/assets/MainGameScene.scenebackground: #aaff85; color: #000;color: #000;
6-26-2025 09:56:53-debug: refresh asset /Users/admin/Documents/GitHub/CMGameRepo/assets success
6-26-2025 09:56:56-debug: Query all assets info in project
6-26-2025 09:56:56-debug: init custom config: keepNodeUuid: false, useCache: true
6-26-2025 09:56:56-debug: Query asset bundle start, progress: 0%
6-26-2025 09:56:56-debug: // ---- build task Query asset bundle ----
6-26-2025 09:56:56-debug: Query preload assets from cc.config.json: 60f7195c-ec2a-45eb-ba94-8955f60e81d0,1c02ae6f-4492-4915-b8f8-7492a3b1e4cd,810e96e4-e456-4468-9b59-f4e8f39732c0,efe8e2a3-eace-427b-b4f1-cb8a937ec77d,e9aa9a3e-5b2b-4ac7-a2c7-073de2b2b24f,8bbdbcdd-5cd4-4100-b6d5-b7c9625b6107,50f4348b-c883-4e2f-8f11-ce233b859fa1,fda095cb-831d-4601-ad94-846013963de8,f92806d7-1768-443f-afe8-12bcde84d0f0,dd3a144d-ab7f-41f0-82b8-2e43a090d496,f0416e68-0200-4b77-a926-4f9d16e494da,970b0598-bcb0-4714-91fb-2e81440dccd8,bcd64cc6-2dd9-43f6-abbe-66318d332032,d930590d-bb92-4cc8-8bd1-23cd027f9edf,a3cd009f-0ab0-420d-9278-b9fdab939bbc,c27215d8-6835-4b68-bfbb-bdeac6100c04,b5d6115f-0370-4d7c-aad3-c194cc71cf98,871c3b6c-7379-419d-bda3-794b239ab90d
6-26-2025 09:56:56-debug:   Number of all scripts: 8
6-26-2025 09:56:56-debug:   Number of all scenes: 1
6-26-2025 09:56:56-debug:   Number of other assets: 303
6-26-2025 09:56:56-debug: // ---- build task Query asset bundle ---- (3ms)
6-26-2025 09:56:56-debug: run build task Query asset bundle success in 3 ms√, progress: 5%
6-26-2025 09:56:56-debug: [Build Memory track]: Query asset bundle start:177.76MB, end 177.59MB, increase: -178.80KB
6-26-2025 09:56:56-debug: // ---- build task Query asset bundle ----
6-26-2025 09:56:56-debug: Query asset bundle start, progress: 5%
6-26-2025 09:56:56-debug: // ---- build task Query asset bundle ---- (1ms)
6-26-2025 09:56:56-debug: run build task Query asset bundle success in 1 ms√, progress: 10%
6-26-2025 09:56:56-debug: [Build Memory track]: Query asset bundle start:177.59MB, end 177.66MB, increase: 66.44KB
6-26-2025 09:56:56-debug: // ---- build task Sort some build options to settings.json ----
6-26-2025 09:56:56-debug: Sort some build options to settings.json start, progress: 10%
6-26-2025 09:56:56-debug: run build task Sort some build options to settings.json success in √, progress: 12%
6-26-2025 09:56:56-debug: // ---- build task Fill script data to settings ----
6-26-2025 09:56:56-debug: [Build Memory track]: Sort some build options to settings.json start:177.67MB, end 177.68MB, increase: 10.97KB
6-26-2025 09:56:56-debug: Fill script data to settings start, progress: 12%
6-26-2025 09:56:56-debug: run build task Fill script data to settings success in √, progress: 13%
6-26-2025 09:56:56-debug: Sort some build options to settings.json start, progress: 13%
6-26-2025 09:56:56-debug: // ---- build task Sort some build options to settings.json ----
6-26-2025 09:56:56-debug: [Build Memory track]: Fill script data to settings start:177.69MB, end 177.70MB, increase: 7.72KB
6-26-2025 09:56:56-debug: // ---- build task Sort some build options to settings.json ---- (1ms)
6-26-2025 09:56:56-debug: run build task Sort some build options to settings.json success in 1 ms√, progress: 15%
6-26-2025 09:56:56-debug: [Build Memory track]: Sort some build options to settings.json start:177.70MB, end 177.82MB, increase: 118.34KB
6-26-2025 09:57:37-debug: refresh db internal success
6-26-2025 09:57:37-debug: refresh db assets success
6-26-2025 09:57:37-debug: Run asset db hook engine-extends:afterRefresh ...
6-26-2025 09:57:37-debug: Run asset db hook engine-extends:afterRefresh success!
6-26-2025 09:57:37-debug: asset-db:refresh-all-database (35ms)
6-26-2025 09:57:37-debug: asset-db:worker-effect-data-processing (1ms)
6-26-2025 09:57:37-debug: asset-db-hook-engine-extends-afterRefresh (1ms)
6-26-2025 09:57:40-debug: Query all assets info in project
6-26-2025 09:57:40-debug: init custom config: keepNodeUuid: false, useCache: true
6-26-2025 09:57:40-debug: Query asset bundle start, progress: 0%
6-26-2025 09:57:40-debug: // ---- build task Query asset bundle ----
6-26-2025 09:57:40-debug: Query preload assets from cc.config.json: 60f7195c-ec2a-45eb-ba94-8955f60e81d0,1c02ae6f-4492-4915-b8f8-7492a3b1e4cd,810e96e4-e456-4468-9b59-f4e8f39732c0,efe8e2a3-eace-427b-b4f1-cb8a937ec77d,e9aa9a3e-5b2b-4ac7-a2c7-073de2b2b24f,8bbdbcdd-5cd4-4100-b6d5-b7c9625b6107,50f4348b-c883-4e2f-8f11-ce233b859fa1,fda095cb-831d-4601-ad94-846013963de8,f92806d7-1768-443f-afe8-12bcde84d0f0,dd3a144d-ab7f-41f0-82b8-2e43a090d496,f0416e68-0200-4b77-a926-4f9d16e494da,970b0598-bcb0-4714-91fb-2e81440dccd8,bcd64cc6-2dd9-43f6-abbe-66318d332032,d930590d-bb92-4cc8-8bd1-23cd027f9edf,a3cd009f-0ab0-420d-9278-b9fdab939bbc,c27215d8-6835-4b68-bfbb-bdeac6100c04,b5d6115f-0370-4d7c-aad3-c194cc71cf98,871c3b6c-7379-419d-bda3-794b239ab90d
6-26-2025 09:57:40-debug:   Number of all scenes: 1
6-26-2025 09:57:40-debug:   Number of other assets: 303
6-26-2025 09:57:40-debug:   Number of all scripts: 8
6-26-2025 09:57:40-debug: // ---- build task Query asset bundle ---- (1ms)
6-26-2025 09:57:40-debug: run build task Query asset bundle success in 1 ms√, progress: 5%
6-26-2025 09:57:40-debug: [Build Memory track]: Query asset bundle start:178.26MB, end 177.82MB, increase: -448.04KB
6-26-2025 09:57:40-debug: // ---- build task Query asset bundle ----
6-26-2025 09:57:40-debug: Query asset bundle start, progress: 5%
6-26-2025 09:57:40-debug: run build task Query asset bundle success in √, progress: 10%
6-26-2025 09:57:40-debug: Sort some build options to settings.json start, progress: 10%
6-26-2025 09:57:40-debug: [Build Memory track]: Query asset bundle start:177.83MB, end 177.90MB, increase: 64.30KB
6-26-2025 09:57:40-debug: // ---- build task Sort some build options to settings.json ----
6-26-2025 09:57:40-debug: run build task Sort some build options to settings.json success in √, progress: 12%
6-26-2025 09:57:40-debug: [Build Memory track]: Sort some build options to settings.json start:177.90MB, end 177.91MB, increase: 8.83KB
6-26-2025 09:57:40-debug: // ---- build task Fill script data to settings ----
6-26-2025 09:57:40-debug: Fill script data to settings start, progress: 12%
6-26-2025 09:57:40-debug: run build task Fill script data to settings success in √, progress: 13%
6-26-2025 09:57:40-debug: [Build Memory track]: Fill script data to settings start:177.92MB, end 177.93MB, increase: 9.93KB
6-26-2025 09:57:40-debug: // ---- build task Sort some build options to settings.json ----
6-26-2025 09:57:40-debug: Sort some build options to settings.json start, progress: 13%
6-26-2025 09:57:40-debug: // ---- build task Sort some build options to settings.json ---- (1ms)
6-26-2025 09:57:40-debug: [Build Memory track]: Sort some build options to settings.json start:177.94MB, end 178.06MB, increase: 125.71KB
6-26-2025 09:57:40-debug: run build task Sort some build options to settings.json success in 1 ms√, progress: 15%
6-26-2025 09:58:13-debug: Query all assets info in project
6-26-2025 09:58:13-debug: init custom config: keepNodeUuid: false, useCache: true
6-26-2025 09:58:13-debug: Query asset bundle start, progress: 0%
6-26-2025 09:58:13-debug: // ---- build task Query asset bundle ----
6-26-2025 09:58:13-debug: Query preload assets from cc.config.json: 60f7195c-ec2a-45eb-ba94-8955f60e81d0,1c02ae6f-4492-4915-b8f8-7492a3b1e4cd,810e96e4-e456-4468-9b59-f4e8f39732c0,efe8e2a3-eace-427b-b4f1-cb8a937ec77d,e9aa9a3e-5b2b-4ac7-a2c7-073de2b2b24f,8bbdbcdd-5cd4-4100-b6d5-b7c9625b6107,50f4348b-c883-4e2f-8f11-ce233b859fa1,fda095cb-831d-4601-ad94-846013963de8,f92806d7-1768-443f-afe8-12bcde84d0f0,dd3a144d-ab7f-41f0-82b8-2e43a090d496,f0416e68-0200-4b77-a926-4f9d16e494da,970b0598-bcb0-4714-91fb-2e81440dccd8,bcd64cc6-2dd9-43f6-abbe-66318d332032,d930590d-bb92-4cc8-8bd1-23cd027f9edf,a3cd009f-0ab0-420d-9278-b9fdab939bbc,c27215d8-6835-4b68-bfbb-bdeac6100c04,b5d6115f-0370-4d7c-aad3-c194cc71cf98,871c3b6c-7379-419d-bda3-794b239ab90d
6-26-2025 09:58:13-debug:   Number of other assets: 303
6-26-2025 09:58:13-debug:   Number of all scripts: 8
6-26-2025 09:58:13-debug:   Number of all scenes: 1
6-26-2025 09:58:13-debug: // ---- build task Query asset bundle ---- (2ms)
6-26-2025 09:58:13-debug: run build task Query asset bundle success in 2 ms√, progress: 5%
6-26-2025 09:58:13-debug: // ---- build task Query asset bundle ----
6-26-2025 09:58:13-debug: [Build Memory track]: Query asset bundle start:178.29MB, end 177.86MB, increase: -442.56KB
6-26-2025 09:58:13-debug: Query asset bundle start, progress: 5%
6-26-2025 09:58:13-debug: // ---- build task Query asset bundle ---- (1ms)
6-26-2025 09:58:13-debug: [Build Memory track]: Query asset bundle start:177.87MB, end 177.93MB, increase: 66.36KB
6-26-2025 09:58:13-debug: run build task Query asset bundle success in 1 ms√, progress: 10%
6-26-2025 09:58:13-debug: Sort some build options to settings.json start, progress: 10%
6-26-2025 09:58:13-debug: // ---- build task Sort some build options to settings.json ----
6-26-2025 09:58:13-debug: run build task Sort some build options to settings.json success in √, progress: 12%
6-26-2025 09:58:13-debug: Fill script data to settings start, progress: 12%
6-26-2025 09:58:13-debug: // ---- build task Fill script data to settings ----
6-26-2025 09:58:13-debug: // ---- build task Fill script data to settings ---- (1ms)
6-26-2025 09:58:13-debug: [Build Memory track]: Fill script data to settings start:177.96MB, end 177.97MB, increase: 11.25KB
6-26-2025 09:58:13-debug: [Build Memory track]: Sort some build options to settings.json start:177.94MB, end 177.95MB, increase: 10.21KB
6-26-2025 09:58:13-debug: Sort some build options to settings.json start, progress: 13%
6-26-2025 09:58:13-debug: // ---- build task Sort some build options to settings.json ----
6-26-2025 09:58:13-debug: run build task Fill script data to settings success in 1 ms√, progress: 13%
6-26-2025 09:58:13-debug: // ---- build task Sort some build options to settings.json ---- (1ms)
6-26-2025 09:58:13-debug: run build task Sort some build options to settings.json success in 1 ms√, progress: 15%
6-26-2025 09:58:13-debug: [Build Memory track]: Sort some build options to settings.json start:177.98MB, end 178.09MB, increase: 116.46KB
6-26-2025 09:58:25-debug: Query all assets info in project
6-26-2025 09:58:25-debug: init custom config: keepNodeUuid: false, useCache: true
6-26-2025 09:58:25-debug: Query asset bundle start, progress: 0%
6-26-2025 09:58:25-debug: // ---- build task Query asset bundle ----
6-26-2025 09:58:25-debug: Query preload assets from cc.config.json: 60f7195c-ec2a-45eb-ba94-8955f60e81d0,1c02ae6f-4492-4915-b8f8-7492a3b1e4cd,810e96e4-e456-4468-9b59-f4e8f39732c0,efe8e2a3-eace-427b-b4f1-cb8a937ec77d,e9aa9a3e-5b2b-4ac7-a2c7-073de2b2b24f,8bbdbcdd-5cd4-4100-b6d5-b7c9625b6107,50f4348b-c883-4e2f-8f11-ce233b859fa1,fda095cb-831d-4601-ad94-846013963de8,f92806d7-1768-443f-afe8-12bcde84d0f0,dd3a144d-ab7f-41f0-82b8-2e43a090d496,f0416e68-0200-4b77-a926-4f9d16e494da,970b0598-bcb0-4714-91fb-2e81440dccd8,bcd64cc6-2dd9-43f6-abbe-66318d332032,d930590d-bb92-4cc8-8bd1-23cd027f9edf,a3cd009f-0ab0-420d-9278-b9fdab939bbc,c27215d8-6835-4b68-bfbb-bdeac6100c04,b5d6115f-0370-4d7c-aad3-c194cc71cf98,871c3b6c-7379-419d-bda3-794b239ab90d
6-26-2025 09:58:25-debug:   Number of all scenes: 1
6-26-2025 09:58:25-debug:   Number of other assets: 303
6-26-2025 09:58:25-debug:   Number of all scripts: 8
6-26-2025 09:58:25-debug: // ---- build task Query asset bundle ---- (2ms)
6-26-2025 09:58:25-debug: [Build Memory track]: Query asset bundle start:178.38MB, end 178.77MB, increase: 408.17KB
6-26-2025 09:58:25-debug: Query asset bundle start, progress: 5%
6-26-2025 09:58:25-debug: run build task Query asset bundle success in 2 ms√, progress: 5%
6-26-2025 09:58:25-debug: // ---- build task Query asset bundle ----
6-26-2025 09:58:25-debug: // ---- build task Query asset bundle ---- (1ms)
6-26-2025 09:58:25-debug: Sort some build options to settings.json start, progress: 10%
6-26-2025 09:58:25-debug: // ---- build task Sort some build options to settings.json ----
6-26-2025 09:58:25-debug: run build task Query asset bundle success in 1 ms√, progress: 10%
6-26-2025 09:58:25-debug: run build task Sort some build options to settings.json success in √, progress: 12%
6-26-2025 09:58:25-debug: [Build Memory track]: Sort some build options to settings.json start:178.86MB, end 178.86MB, increase: 7.73KB
6-26-2025 09:58:25-debug: // ---- build task Fill script data to settings ----
6-26-2025 09:58:25-debug: run build task Fill script data to settings success in √, progress: 13%
6-26-2025 09:58:25-debug: [Build Memory track]: Fill script data to settings start:178.87MB, end 178.88MB, increase: 7.78KB
6-26-2025 09:58:25-debug: Fill script data to settings start, progress: 12%
6-26-2025 09:58:25-debug: Sort some build options to settings.json start, progress: 13%
6-26-2025 09:58:25-debug: // ---- build task Sort some build options to settings.json ----
6-26-2025 09:58:25-debug: [Build Memory track]: Query asset bundle start:178.78MB, end 178.85MB, increase: 66.24KB
6-26-2025 09:58:25-debug: // ---- build task Sort some build options to settings.json ---- (2ms)
6-26-2025 09:58:25-debug: run build task Sort some build options to settings.json success in 2 ms√, progress: 15%
6-26-2025 09:58:25-debug: [Build Memory track]: Sort some build options to settings.json start:178.89MB, end 178.22MB, increase: -683.32KB
6-26-2025 09:58:56-debug: start refresh asset from /Users/admin/Documents/GitHub/CMGameRepo/assets/MainGameScene.scene...
6-26-2025 09:58:56-debug: %cImport%c: /Users/admin/Documents/GitHub/CMGameRepo/assets/MainGameScene.scenebackground: #aaff85; color: #000;color: #000;
6-26-2025 09:58:56-debug: refresh asset /Users/admin/Documents/GitHub/CMGameRepo/assets success
6-26-2025 09:58:58-debug: Query all assets info in project
6-26-2025 09:58:58-debug: init custom config: keepNodeUuid: false, useCache: true
6-26-2025 09:58:58-debug: Query asset bundle start, progress: 0%
6-26-2025 09:58:58-debug: // ---- build task Query asset bundle ----
6-26-2025 09:58:58-debug: Query preload assets from cc.config.json: 60f7195c-ec2a-45eb-ba94-8955f60e81d0,1c02ae6f-4492-4915-b8f8-7492a3b1e4cd,810e96e4-e456-4468-9b59-f4e8f39732c0,efe8e2a3-eace-427b-b4f1-cb8a937ec77d,e9aa9a3e-5b2b-4ac7-a2c7-073de2b2b24f,8bbdbcdd-5cd4-4100-b6d5-b7c9625b6107,50f4348b-c883-4e2f-8f11-ce233b859fa1,fda095cb-831d-4601-ad94-846013963de8,f92806d7-1768-443f-afe8-12bcde84d0f0,dd3a144d-ab7f-41f0-82b8-2e43a090d496,f0416e68-0200-4b77-a926-4f9d16e494da,970b0598-bcb0-4714-91fb-2e81440dccd8,bcd64cc6-2dd9-43f6-abbe-66318d332032,d930590d-bb92-4cc8-8bd1-23cd027f9edf,a3cd009f-0ab0-420d-9278-b9fdab939bbc,c27215d8-6835-4b68-bfbb-bdeac6100c04,b5d6115f-0370-4d7c-aad3-c194cc71cf98,871c3b6c-7379-419d-bda3-794b239ab90d
6-26-2025 09:58:58-debug:   Number of all scenes: 1
6-26-2025 09:58:58-debug:   Number of all scripts: 8
6-26-2025 09:58:58-debug:   Number of other assets: 303
6-26-2025 09:58:58-debug: // ---- build task Query asset bundle ---- (2ms)
6-26-2025 09:58:58-debug: run build task Query asset bundle success in 2 ms√, progress: 5%
6-26-2025 09:58:58-debug: [Build Memory track]: Query asset bundle start:178.64MB, end 178.31MB, increase: -336.66KB
6-26-2025 09:58:58-debug: // ---- build task Query asset bundle ----
6-26-2025 09:58:58-debug: Query asset bundle start, progress: 5%
6-26-2025 09:58:58-debug: // ---- build task Query asset bundle ---- (1ms)
6-26-2025 09:58:58-debug: run build task Query asset bundle success in 1 ms√, progress: 10%
6-26-2025 09:58:58-debug: [Build Memory track]: Query asset bundle start:178.32MB, end 178.38MB, increase: 62.37KB
6-26-2025 09:58:58-debug: // ---- build task Sort some build options to settings.json ----
6-26-2025 09:58:58-debug: Sort some build options to settings.json start, progress: 10%
6-26-2025 09:58:58-debug: run build task Sort some build options to settings.json success in √, progress: 12%
6-26-2025 09:58:58-debug: Fill script data to settings start, progress: 12%
6-26-2025 09:58:58-debug: // ---- build task Fill script data to settings ----
6-26-2025 09:58:58-debug: [Build Memory track]: Sort some build options to settings.json start:178.39MB, end 178.40MB, increase: 9.15KB
6-26-2025 09:58:58-debug: [Build Memory track]: Fill script data to settings start:178.41MB, end 178.41MB, increase: 8.41KB
6-26-2025 09:58:58-debug: Sort some build options to settings.json start, progress: 13%
6-26-2025 09:58:58-debug: // ---- build task Sort some build options to settings.json ----
6-26-2025 09:58:58-debug: run build task Fill script data to settings success in √, progress: 13%
6-26-2025 09:58:58-debug: // ---- build task Sort some build options to settings.json ---- (1ms)
6-26-2025 09:58:58-debug: run build task Sort some build options to settings.json success in 1 ms√, progress: 15%
6-26-2025 09:58:58-debug: [Build Memory track]: Sort some build options to settings.json start:178.42MB, end 178.54MB, increase: 117.12KB
6-26-2025 09:59:10-debug: start refresh asset from /Users/admin/Documents/GitHub/CMGameRepo/assets/MainGameScene.scene...
6-26-2025 09:59:10-debug: %cImport%c: /Users/admin/Documents/GitHub/CMGameRepo/assets/MainGameScene.scenebackground: #aaff85; color: #000;color: #000;
6-26-2025 09:59:10-debug: refresh asset /Users/admin/Documents/GitHub/CMGameRepo/assets success
6-26-2025 09:59:12-debug: Query all assets info in project
6-26-2025 09:59:12-debug: init custom config: keepNodeUuid: false, useCache: true
6-26-2025 09:59:12-debug: Query asset bundle start, progress: 0%
6-26-2025 09:59:12-debug: // ---- build task Query asset bundle ----
6-26-2025 09:59:12-debug: Query preload assets from cc.config.json: 60f7195c-ec2a-45eb-ba94-8955f60e81d0,1c02ae6f-4492-4915-b8f8-7492a3b1e4cd,810e96e4-e456-4468-9b59-f4e8f39732c0,efe8e2a3-eace-427b-b4f1-cb8a937ec77d,e9aa9a3e-5b2b-4ac7-a2c7-073de2b2b24f,8bbdbcdd-5cd4-4100-b6d5-b7c9625b6107,50f4348b-c883-4e2f-8f11-ce233b859fa1,fda095cb-831d-4601-ad94-846013963de8,f92806d7-1768-443f-afe8-12bcde84d0f0,dd3a144d-ab7f-41f0-82b8-2e43a090d496,f0416e68-0200-4b77-a926-4f9d16e494da,970b0598-bcb0-4714-91fb-2e81440dccd8,bcd64cc6-2dd9-43f6-abbe-66318d332032,d930590d-bb92-4cc8-8bd1-23cd027f9edf,a3cd009f-0ab0-420d-9278-b9fdab939bbc,c27215d8-6835-4b68-bfbb-bdeac6100c04,b5d6115f-0370-4d7c-aad3-c194cc71cf98,871c3b6c-7379-419d-bda3-794b239ab90d
6-26-2025 09:59:12-debug:   Number of all scenes: 1
6-26-2025 09:59:12-debug:   Number of all scripts: 8
6-26-2025 09:59:12-debug:   Number of other assets: 303
6-26-2025 09:59:12-debug: // ---- build task Query asset bundle ---- (2ms)
6-26-2025 09:59:12-debug: run build task Query asset bundle success in 2 ms√, progress: 5%
6-26-2025 09:59:12-debug: // ---- build task Query asset bundle ----
6-26-2025 09:59:12-debug: [Build Memory track]: Query asset bundle start:179.07MB, end 178.66MB, increase: -419.76KB
6-26-2025 09:59:12-debug: Query asset bundle start, progress: 5%
6-26-2025 09:59:12-debug: // ---- build task Query asset bundle ---- (1ms)
6-26-2025 09:59:12-debug: run build task Query asset bundle success in 1 ms√, progress: 10%
6-26-2025 09:59:12-debug: // ---- build task Sort some build options to settings.json ----
6-26-2025 09:59:12-debug: [Build Memory track]: Query asset bundle start:178.67MB, end 178.73MB, increase: 64.36KB
6-26-2025 09:59:12-debug: Sort some build options to settings.json start, progress: 10%
6-26-2025 09:59:12-debug: run build task Sort some build options to settings.json success in √, progress: 12%
6-26-2025 09:59:12-debug: Fill script data to settings start, progress: 12%
6-26-2025 09:59:12-debug: // ---- build task Fill script data to settings ----
6-26-2025 09:59:12-debug: [Build Memory track]: Sort some build options to settings.json start:178.74MB, end 178.75MB, increase: 8.55KB
6-26-2025 09:59:12-debug: [Build Memory track]: Fill script data to settings start:178.76MB, end 178.77MB, increase: 8.99KB
6-26-2025 09:59:12-debug: Sort some build options to settings.json start, progress: 13%
6-26-2025 09:59:12-debug: // ---- build task Sort some build options to settings.json ----
6-26-2025 09:59:12-debug: run build task Fill script data to settings success in √, progress: 13%
6-26-2025 09:59:12-debug: // ---- build task Sort some build options to settings.json ---- (2ms)
6-26-2025 09:59:12-debug: run build task Sort some build options to settings.json success in 2 ms√, progress: 15%
6-26-2025 09:59:12-debug: [Build Memory track]: Sort some build options to settings.json start:178.78MB, end 178.90MB, increase: 125.18KB
6-26-2025 09:59:22-debug: start refresh asset from /Users/admin/Documents/GitHub/CMGameRepo/assets/MainGameScene.scene...
6-26-2025 09:59:22-debug: %cImport%c: /Users/admin/Documents/GitHub/CMGameRepo/assets/MainGameScene.scenebackground: #aaff85; color: #000;color: #000;
6-26-2025 09:59:22-debug: refresh asset /Users/admin/Documents/GitHub/CMGameRepo/assets success
6-26-2025 09:59:25-debug: Query all assets info in project
6-26-2025 09:59:25-debug: init custom config: keepNodeUuid: false, useCache: true
6-26-2025 09:59:25-debug: Query asset bundle start, progress: 0%
6-26-2025 09:59:25-debug: // ---- build task Query asset bundle ----
6-26-2025 09:59:25-debug: Query preload assets from cc.config.json: 60f7195c-ec2a-45eb-ba94-8955f60e81d0,1c02ae6f-4492-4915-b8f8-7492a3b1e4cd,810e96e4-e456-4468-9b59-f4e8f39732c0,efe8e2a3-eace-427b-b4f1-cb8a937ec77d,e9aa9a3e-5b2b-4ac7-a2c7-073de2b2b24f,8bbdbcdd-5cd4-4100-b6d5-b7c9625b6107,50f4348b-c883-4e2f-8f11-ce233b859fa1,fda095cb-831d-4601-ad94-846013963de8,f92806d7-1768-443f-afe8-12bcde84d0f0,dd3a144d-ab7f-41f0-82b8-2e43a090d496,f0416e68-0200-4b77-a926-4f9d16e494da,970b0598-bcb0-4714-91fb-2e81440dccd8,bcd64cc6-2dd9-43f6-abbe-66318d332032,d930590d-bb92-4cc8-8bd1-23cd027f9edf,a3cd009f-0ab0-420d-9278-b9fdab939bbc,c27215d8-6835-4b68-bfbb-bdeac6100c04,b5d6115f-0370-4d7c-aad3-c194cc71cf98,871c3b6c-7379-419d-bda3-794b239ab90d
6-26-2025 09:59:25-debug:   Number of all scenes: 1
6-26-2025 09:59:25-debug:   Number of other assets: 303
6-26-2025 09:59:25-debug:   Number of all scripts: 8
6-26-2025 09:59:25-debug: // ---- build task Query asset bundle ---- (1ms)
6-26-2025 09:59:25-debug: [Build Memory track]: Query asset bundle start:179.26MB, end 178.83MB, increase: -445.84KB
6-26-2025 09:59:25-debug: run build task Query asset bundle success in 1 ms√, progress: 5%
6-26-2025 09:59:25-debug: // ---- build task Query asset bundle ----
6-26-2025 09:59:25-debug: Query asset bundle start, progress: 5%
6-26-2025 09:59:25-debug: run build task Query asset bundle success in √, progress: 10%
6-26-2025 09:59:25-debug: [Build Memory track]: Query asset bundle start:178.84MB, end 178.89MB, increase: 60.02KB
6-26-2025 09:59:25-debug: Sort some build options to settings.json start, progress: 10%
6-26-2025 09:59:25-debug: // ---- build task Sort some build options to settings.json ----
6-26-2025 09:59:25-debug: // ---- build task Sort some build options to settings.json ---- (1ms)
6-26-2025 09:59:25-debug: [Build Memory track]: Sort some build options to settings.json start:178.90MB, end 178.91MB, increase: 11.77KB
6-26-2025 09:59:25-debug: Fill script data to settings start, progress: 12%
6-26-2025 09:59:25-debug: run build task Sort some build options to settings.json success in 1 ms√, progress: 12%
6-26-2025 09:59:25-debug: // ---- build task Fill script data to settings ----
6-26-2025 09:59:25-debug: run build task Fill script data to settings success in √, progress: 13%
6-26-2025 09:59:25-debug: [Build Memory track]: Fill script data to settings start:178.92MB, end 178.93MB, increase: 9.77KB
6-26-2025 09:59:25-debug: Sort some build options to settings.json start, progress: 13%
6-26-2025 09:59:25-debug: // ---- build task Sort some build options to settings.json ----
6-26-2025 09:59:25-debug: // ---- build task Sort some build options to settings.json ---- (1ms)
6-26-2025 09:59:25-debug: [Build Memory track]: Sort some build options to settings.json start:178.94MB, end 179.06MB, increase: 118.99KB
6-26-2025 09:59:25-debug: run build task Sort some build options to settings.json success in 1 ms√, progress: 15%
6-26-2025 10:00:55-debug: refresh db internal success
6-26-2025 10:00:55-debug: %cImport%c: /Users/admin/Documents/GitHub/CMGameRepo/assets/Scripts/CardController.tsbackground: #aaff85; color: #000;color: #000;
6-26-2025 10:00:55-debug: refresh db assets success
6-26-2025 10:00:55-debug: Run asset db hook engine-extends:afterRefresh ...
6-26-2025 10:00:55-debug: Run asset db hook engine-extends:afterRefresh success!
6-26-2025 10:00:55-debug: asset-db:refresh-all-database (24ms)
6-26-2025 10:00:58-debug: Query all assets info in project
6-26-2025 10:00:58-debug: init custom config: keepNodeUuid: false, useCache: true
6-26-2025 10:00:58-debug: Query asset bundle start, progress: 0%
6-26-2025 10:00:58-debug: // ---- build task Query asset bundle ----
6-26-2025 10:00:58-debug: Query preload assets from cc.config.json: 60f7195c-ec2a-45eb-ba94-8955f60e81d0,1c02ae6f-4492-4915-b8f8-7492a3b1e4cd,810e96e4-e456-4468-9b59-f4e8f39732c0,efe8e2a3-eace-427b-b4f1-cb8a937ec77d,e9aa9a3e-5b2b-4ac7-a2c7-073de2b2b24f,8bbdbcdd-5cd4-4100-b6d5-b7c9625b6107,50f4348b-c883-4e2f-8f11-ce233b859fa1,fda095cb-831d-4601-ad94-846013963de8,f92806d7-1768-443f-afe8-12bcde84d0f0,dd3a144d-ab7f-41f0-82b8-2e43a090d496,f0416e68-0200-4b77-a926-4f9d16e494da,970b0598-bcb0-4714-91fb-2e81440dccd8,bcd64cc6-2dd9-43f6-abbe-66318d332032,d930590d-bb92-4cc8-8bd1-23cd027f9edf,a3cd009f-0ab0-420d-9278-b9fdab939bbc,c27215d8-6835-4b68-bfbb-bdeac6100c04,b5d6115f-0370-4d7c-aad3-c194cc71cf98,871c3b6c-7379-419d-bda3-794b239ab90d
6-26-2025 10:00:58-debug:   Number of all scenes: 1
6-26-2025 10:00:58-debug:   Number of all scripts: 8
6-26-2025 10:00:58-debug:   Number of other assets: 303
6-26-2025 10:00:58-debug: // ---- build task Query asset bundle ---- (1ms)
6-26-2025 10:00:58-debug: run build task Query asset bundle success in 1 ms√, progress: 5%
6-26-2025 10:00:58-debug: Query asset bundle start, progress: 5%
6-26-2025 10:00:58-debug: [Build Memory track]: Query asset bundle start:179.22MB, end 179.62MB, increase: 407.98KB
6-26-2025 10:00:58-debug: // ---- build task Query asset bundle ----
6-26-2025 10:00:58-debug: // ---- build task Query asset bundle ---- (1ms)
6-26-2025 10:00:58-debug: run build task Query asset bundle success in 1 ms√, progress: 10%
6-26-2025 10:00:58-debug: // ---- build task Sort some build options to settings.json ----
6-26-2025 10:00:58-debug: Sort some build options to settings.json start, progress: 10%
6-26-2025 10:00:58-debug: [Build Memory track]: Query asset bundle start:179.63MB, end 179.69MB, increase: 62.09KB
6-26-2025 10:00:58-debug: run build task Sort some build options to settings.json success in √, progress: 12%
6-26-2025 10:00:58-debug: [Build Memory track]: Sort some build options to settings.json start:179.70MB, end 179.71MB, increase: 9.35KB
6-26-2025 10:00:58-debug: Fill script data to settings start, progress: 12%
6-26-2025 10:00:58-debug: // ---- build task Fill script data to settings ----
6-26-2025 10:00:58-debug: [Build Memory track]: Fill script data to settings start:179.71MB, end 179.72MB, increase: 9.59KB
6-26-2025 10:00:58-debug: run build task Fill script data to settings success in √, progress: 13%
6-26-2025 10:00:58-debug: // ---- build task Sort some build options to settings.json ----
6-26-2025 10:00:58-debug: Sort some build options to settings.json start, progress: 13%
6-26-2025 10:00:58-debug: // ---- build task Sort some build options to settings.json ---- (1ms)
6-26-2025 10:00:58-debug: run build task Sort some build options to settings.json success in 1 ms√, progress: 15%
6-26-2025 10:00:58-debug: [Build Memory track]: Sort some build options to settings.json start:179.73MB, end 179.11MB, increase: -634.54KB
6-26-2025 10:01:09-debug: start refresh asset from /Users/admin/Documents/GitHub/CMGameRepo/assets/MainGameScene.scene...
6-26-2025 10:01:09-debug: %cImport%c: /Users/admin/Documents/GitHub/CMGameRepo/assets/MainGameScene.scenebackground: #aaff85; color: #000;color: #000;
6-26-2025 10:01:09-debug: refresh asset /Users/admin/Documents/GitHub/CMGameRepo/assets success
6-26-2025 10:01:12-debug: Query all assets info in project
6-26-2025 10:01:12-debug: init custom config: keepNodeUuid: false, useCache: true
6-26-2025 10:01:12-debug: Query asset bundle start, progress: 0%
6-26-2025 10:01:12-debug: // ---- build task Query asset bundle ----
6-26-2025 10:01:12-debug: Query preload assets from cc.config.json: 60f7195c-ec2a-45eb-ba94-8955f60e81d0,1c02ae6f-4492-4915-b8f8-7492a3b1e4cd,810e96e4-e456-4468-9b59-f4e8f39732c0,efe8e2a3-eace-427b-b4f1-cb8a937ec77d,e9aa9a3e-5b2b-4ac7-a2c7-073de2b2b24f,8bbdbcdd-5cd4-4100-b6d5-b7c9625b6107,50f4348b-c883-4e2f-8f11-ce233b859fa1,fda095cb-831d-4601-ad94-846013963de8,f92806d7-1768-443f-afe8-12bcde84d0f0,dd3a144d-ab7f-41f0-82b8-2e43a090d496,f0416e68-0200-4b77-a926-4f9d16e494da,970b0598-bcb0-4714-91fb-2e81440dccd8,bcd64cc6-2dd9-43f6-abbe-66318d332032,d930590d-bb92-4cc8-8bd1-23cd027f9edf,a3cd009f-0ab0-420d-9278-b9fdab939bbc,c27215d8-6835-4b68-bfbb-bdeac6100c04,b5d6115f-0370-4d7c-aad3-c194cc71cf98,871c3b6c-7379-419d-bda3-794b239ab90d
6-26-2025 10:01:12-debug:   Number of all scenes: 1
6-26-2025 10:01:12-debug:   Number of all scripts: 8
6-26-2025 10:01:12-debug:   Number of other assets: 303
6-26-2025 10:01:12-debug: // ---- build task Query asset bundle ---- (2ms)
6-26-2025 10:01:12-debug: run build task Query asset bundle success in 2 ms√, progress: 5%
6-26-2025 10:01:12-debug: Query asset bundle start, progress: 5%
6-26-2025 10:01:12-debug: // ---- build task Query asset bundle ----
6-26-2025 10:01:12-debug: [Build Memory track]: Query asset bundle start:179.57MB, end 180.21MB, increase: 656.09KB
6-26-2025 10:01:12-debug: // ---- build task Query asset bundle ---- (1ms)
6-26-2025 10:01:12-debug: Sort some build options to settings.json start, progress: 10%
6-26-2025 10:01:12-debug: [Build Memory track]: Query asset bundle start:180.22MB, end 180.28MB, increase: 61.20KB
6-26-2025 10:01:12-debug: run build task Query asset bundle success in 1 ms√, progress: 10%
6-26-2025 10:01:12-debug: // ---- build task Sort some build options to settings.json ----
6-26-2025 10:01:12-debug: run build task Sort some build options to settings.json success in √, progress: 12%
6-26-2025 10:01:12-debug: // ---- build task Fill script data to settings ----
6-26-2025 10:01:12-debug: [Build Memory track]: Sort some build options to settings.json start:179.49MB, end 179.50MB, increase: 10.69KB
6-26-2025 10:01:12-debug: run build task Fill script data to settings success in √, progress: 13%
6-26-2025 10:01:12-debug: [Build Memory track]: Fill script data to settings start:179.51MB, end 179.52MB, increase: 8.00KB
6-26-2025 10:01:12-debug: Fill script data to settings start, progress: 12%
6-26-2025 10:01:12-debug: Sort some build options to settings.json start, progress: 13%
6-26-2025 10:01:12-debug: // ---- build task Sort some build options to settings.json ----
6-26-2025 10:01:12-debug: // ---- build task Sort some build options to settings.json ---- (1ms)
6-26-2025 10:01:12-debug: run build task Sort some build options to settings.json success in 1 ms√, progress: 15%
6-26-2025 10:01:12-debug: [Build Memory track]: Sort some build options to settings.json start:179.53MB, end 179.65MB, increase: 131.36KB
6-26-2025 10:01:24-debug: refresh db internal success
6-26-2025 10:01:24-debug: refresh db assets success
6-26-2025 10:01:24-debug: Run asset db hook engine-extends:afterRefresh ...
6-26-2025 10:01:24-debug: Run asset db hook engine-extends:afterRefresh success!
6-26-2025 10:01:24-debug: asset-db:refresh-all-database (36ms)
6-26-2025 10:01:24-debug: asset-db:worker-effect-data-processing (1ms)
6-26-2025 10:01:24-debug: asset-db-hook-engine-extends-afterRefresh (1ms)
