6-27-2025 12:09:06-log: Cannot access game frame or container.
6-27-2025 12:09:07-debug: asset-db:require-engine-code (517ms)
6-27-2025 12:09:07-log: meshopt wasm decoder initialized
6-27-2025 12:09:07-log: [bullet]:bullet wasm lib loaded.
6-27-2025 12:09:07-log: [box2d]:box2d wasm lib loaded.
6-27-2025 12:09:07-log: Cocos Creator v3.8.3
6-27-2025 12:09:09-debug: [Assets Memory track]: asset-db-plugin-register: builder start:80.05MB, end 207.40MB, increase: 127.35MB
6-27-2025 12:09:07-debug: [Assets Memory track]: asset-db:worker-init: initEngine start:27.46MB, end 77.94MB, increase: 50.48MB
6-27-2025 12:09:09-debug: [Assets Memory track]: asset-db-plugin-register: engine-extends start:207.58MB, end 210.39MB, increase: 2.81MB
6-27-2025 12:09:07-debug: [Assets Memory track]: asset-db-plugin-register: programming start:78.68MB, end 80.04MB, increase: 1.35MB
6-27-2025 12:09:09-debug: [Assets Memory track]: asset-db-plugin-register: project start:78.57MB, end 210.45MB, increase: 131.88MB
6-27-2025 12:09:09-debug: [Assets Memory track]: asset-db:worker-init: initPlugin start:77.94MB, end 210.47MB, increase: 132.53MB
6-27-2025 12:09:09-debug: run package(vivo-mini-game) handler(enable) start
6-27-2025 12:09:09-debug: run package(vivo-mini-game) handler(enable) success!
6-27-2025 12:09:09-debug: run package(web-desktop) handler(enable) success!
6-27-2025 12:09:09-debug: run package(web-mobile) handler(enable) start
6-27-2025 12:09:09-debug: run package(web-mobile) handler(enable) success!
6-27-2025 12:09:09-debug: run package(wechatgame) handler(enable) start
6-27-2025 12:09:09-debug: run package(wechatgame) handler(enable) success!
6-27-2025 12:09:09-debug: run package(wechatprogram) handler(enable) start
6-27-2025 12:09:09-debug: run package(wechatprogram) handler(enable) success!
6-27-2025 12:09:09-debug: run package(windows) handler(enable) success!
6-27-2025 12:09:09-debug: run package(windows) handler(enable) start
6-27-2025 12:09:09-debug: run package(xiaomi-quick-game) handler(enable) start
6-27-2025 12:09:09-debug: run package(xiaomi-quick-game) handler(enable) success!
6-27-2025 12:09:09-debug: run package(cocos-service) handler(enable) start
6-27-2025 12:09:09-debug: run package(cocos-service) handler(enable) success!
6-27-2025 12:09:09-debug: run package(im-plugin) handler(enable) success!
6-27-2025 12:09:09-debug: run package(web-desktop) handler(enable) start
6-27-2025 12:09:09-debug: run package(im-plugin) handler(enable) start
6-27-2025 12:09:09-debug: run package(placeholder) handler(enable) start
6-27-2025 12:09:09-debug: run package(placeholder) handler(enable) success!
6-27-2025 12:09:09-debug: asset-db:worker-init: initPlugin (2219ms)
6-27-2025 12:09:09-debug: [Assets Memory track]: asset-db:worker-init start:27.45MB, end 204.43MB, increase: 176.97MB
6-27-2025 12:09:09-debug: Run asset db hook programming:beforePreStart ...
6-27-2025 12:09:09-debug: Run asset db hook programming:beforePreStart success!
6-27-2025 12:09:09-debug: Run asset db hook engine-extends:beforePreStart success!
6-27-2025 12:09:09-debug: Run asset db hook engine-extends:beforePreStart ...
6-27-2025 12:09:09-debug: asset-db:worker-init (3057ms)
6-27-2025 12:09:09-debug: asset-db-hook-programming-beforePreStart (114ms)
6-27-2025 12:09:09-debug: asset-db-hook-engine-extends-beforePreStart (114ms)
6-27-2025 12:09:09-debug: Preimport db internal success
6-27-2025 12:09:09-debug: Preimport db assets success
6-27-2025 12:09:09-debug: starting packer-driver...
6-27-2025 12:09:09-debug: Run asset db hook programming:afterPreStart ...
6-27-2025 12:09:09-debug: initialize scripting environment...
6-27-2025 12:09:09-debug: Set detail map pack:///resolution-detail-map.json: {}
6-27-2025 12:09:09-debug: [Assets Memory track]: asset-db:worker-init: preStart start:204.43MB, end 209.50MB, increase: 5.07MB
6-27-2025 12:09:09-debug: Start up the 'internal' database...
6-27-2025 12:09:09-debug: Run asset db hook engine-extends:afterPreStart ...
6-27-2025 12:09:09-debug: Run asset db hook programming:afterPreStart success!
6-27-2025 12:09:09-debug: Run asset db hook engine-extends:afterPreStart success!
6-27-2025 12:09:10-debug: asset-db-hook-programming-afterPreStart (385ms)
6-27-2025 12:09:10-debug: asset-db:worker-effect-data-processing (206ms)
6-27-2025 12:09:10-debug: asset-db-hook-engine-extends-afterPreStart (206ms)
6-27-2025 12:09:10-debug: [Assets Memory track]: asset-db:worker-startup-database[internal] start:204.47MB, end 222.05MB, increase: 17.58MB
6-27-2025 12:09:10-debug: Start up the 'assets' database...
6-27-2025 12:09:10-debug: asset-db:worker-startup-database[internal] (623ms)
6-27-2025 12:09:10-debug: [Assets Memory track]: asset-db:worker-startup-database[assets] start:208.11MB, end 219.58MB, increase: 11.47MB
6-27-2025 12:09:10-debug: lazy register asset handler json
6-27-2025 12:09:10-debug: [Assets Memory track]: asset-db:worker-init: startup start:209.51MB, end 219.59MB, increase: 10.08MB
6-27-2025 12:09:10-debug: lazy register asset handler dragonbones
6-27-2025 12:09:10-debug: lazy register asset handler dragonbones-atlas
6-27-2025 12:09:10-debug: lazy register asset handler terrain
6-27-2025 12:09:10-debug: lazy register asset handler javascript
6-27-2025 12:09:10-debug: lazy register asset handler typescript
6-27-2025 12:09:10-debug: lazy register asset handler *
6-27-2025 12:09:10-debug: lazy register asset handler scene
6-27-2025 12:09:10-debug: lazy register asset handler sprite-frame
6-27-2025 12:09:10-debug: lazy register asset handler tiled-map
6-27-2025 12:09:10-debug: lazy register asset handler image
6-27-2025 12:09:10-debug: lazy register asset handler buffer
6-27-2025 12:09:10-debug: lazy register asset handler sign-image
6-27-2025 12:09:10-debug: lazy register asset handler prefab
6-27-2025 12:09:10-debug: lazy register asset handler texture
6-27-2025 12:09:10-debug: lazy register asset handler texture-cube
6-27-2025 12:09:10-debug: lazy register asset handler erp-texture-cube
6-27-2025 12:09:10-debug: lazy register asset handler text
6-27-2025 12:09:10-debug: lazy register asset handler texture-cube-face
6-27-2025 12:09:10-debug: lazy register asset handler rt-sprite-frame
6-27-2025 12:09:10-debug: lazy register asset handler render-texture
6-27-2025 12:09:10-debug: lazy register asset handler gltf-mesh
6-27-2025 12:09:10-debug: lazy register asset handler gltf-animation
6-27-2025 12:09:10-debug: lazy register asset handler gltf-skeleton
6-27-2025 12:09:10-debug: lazy register asset handler gltf-material
6-27-2025 12:09:10-debug: lazy register asset handler gltf-scene
6-27-2025 12:09:10-debug: lazy register asset handler gltf-embeded-image
6-27-2025 12:09:10-debug: lazy register asset handler fbx
6-27-2025 12:09:10-debug: lazy register asset handler material
6-27-2025 12:09:10-debug: lazy register asset handler physics-material
6-27-2025 12:09:10-debug: lazy register asset handler effect
6-27-2025 12:09:10-debug: lazy register asset handler effect-header
6-27-2025 12:09:10-debug: lazy register asset handler audio-clip
6-27-2025 12:09:10-debug: lazy register asset handler animation-clip
6-27-2025 12:09:10-debug: lazy register asset handler animation-graph
6-27-2025 12:09:10-debug: lazy register asset handler animation-graph-variant
6-27-2025 12:09:10-debug: lazy register asset handler animation-mask
6-27-2025 12:09:10-debug: lazy register asset handler ttf-font
6-27-2025 12:09:10-debug: lazy register asset handler bitmap-font
6-27-2025 12:09:10-debug: lazy register asset handler particle
6-27-2025 12:09:10-debug: lazy register asset handler sprite-atlas
6-27-2025 12:09:10-debug: lazy register asset handler auto-atlas
6-27-2025 12:09:10-debug: lazy register asset handler label-atlas
6-27-2025 12:09:10-debug: lazy register asset handler render-pipeline
6-27-2025 12:09:10-debug: lazy register asset handler render-stage
6-27-2025 12:09:10-debug: lazy register asset handler render-flow
6-27-2025 12:09:10-debug: lazy register asset handler instantiation-material
6-27-2025 12:09:10-debug: lazy register asset handler instantiation-mesh
6-27-2025 12:09:10-debug: lazy register asset handler instantiation-skeleton
6-27-2025 12:09:10-debug: lazy register asset handler spine-data
6-27-2025 12:09:10-debug: lazy register asset handler gltf
6-27-2025 12:09:10-debug: lazy register asset handler alpha-image
6-27-2025 12:09:10-debug: lazy register asset handler instantiation-animation
6-27-2025 12:09:10-debug: lazy register asset handler directory
6-27-2025 12:09:10-debug: lazy register asset handler video-clip
6-27-2025 12:09:10-debug: asset-db:worker-startup-database[assets] (506ms)
6-27-2025 12:09:10-debug: asset-db:start-database (655ms)
6-27-2025 12:09:10-debug: asset-db:ready (5524ms)
6-27-2025 12:09:10-debug: init worker message success
6-27-2025 12:09:10-debug: [Build Memory track]: builder:worker-init start:225.05MB, end 232.90MB, increase: 7.84MB
6-27-2025 12:09:10-debug: programming:execute-script (3ms)
6-27-2025 12:09:10-debug: builder:worker-init (280ms)
6-27-2025 12:10:52-debug: refresh db internal success
6-27-2025 12:10:52-debug: refresh db assets success
6-27-2025 12:10:52-debug: Run asset db hook engine-extends:afterRefresh ...
6-27-2025 12:10:52-debug: Run asset db hook engine-extends:afterRefresh success!
6-27-2025 12:10:52-debug: asset-db:refresh-all-database (54ms)
6-27-2025 12:10:52-debug: asset-db-hook-engine-extends-afterRefresh (1ms)
6-27-2025 12:11:16-debug: refresh db internal success
6-27-2025 12:11:16-debug: refresh db assets success
6-27-2025 12:11:16-debug: Run asset db hook engine-extends:afterRefresh ...
6-27-2025 12:11:16-debug: Run asset db hook engine-extends:afterRefresh success!
6-27-2025 12:11:16-debug: asset-db:refresh-all-database (37ms)
6-27-2025 12:11:16-debug: asset-db:worker-effect-data-processing (1ms)
6-27-2025 12:11:16-debug: asset-db-hook-engine-extends-afterRefresh (1ms)
6-27-2025 12:12:03-debug: Start build task, options:{"name":"CMGame","server":"","platform":"web-desktop","buildPath":"project://build","debug":false,"md5Cache":false,"skipCompressTexture":false,"sourceMaps":false,"overwriteProjectSettings":{"includeModules":{"gfx-webgl2":"on","physics":"inherit-project-setting","physics-2d":"inherit-project-setting"},"macroConfig":{"cleanupImageCache":"inherit-project-setting"}},"nativeCodeBundleMode":"both","polyfills":{"asyncFunctions":true},"experimentalEraseModules":false,"startSceneAssetBundle":false,"bundleConfigs":[],"useBuiltinServer":false,"mainBundleIsRemote":false,"mainBundleCompressionType":"merge_dep","useSplashScreen":true,"bundleCommonChunk":false,"packAutoAtlas":true,"startScene":"29ba28d9-1244-421a-be48-36a95eb85582","outputName":"web-desktop","taskName":"web-desktop","scenes":[{"url":"db://assets/Scenes/MainGameScene.scene","uuid":"29ba28d9-1244-421a-be48-36a95eb85582"}],"wasmCompressionMode":false,"packages":{"adsense-h5g-plugin":{"enableAdsense":false,"enableTestAd":false,"__version__":"1.0.1","AFPHostPropertyCode":"ca-host-pub-5396158963872751","AFPHostDomain":"douyougame.com","otherAFPHostPropertyCode":"","otherAFPDomain":""},"web-desktop":{"resolution":{"designWidth":1280,"designHeight":960},"__version__":"1.0.1"},"cocos-service":{"configID":"8357a0","services":[],"__version__":"3.0.7"}},"__version__":"1.3.8","logDest":"project://temp/builder/log/web-desktop6-27-2025 10-12.log"}
6-27-2025 12:12:03-debug: Build with Cocos Creator 3.8.3
6-27-2025 12:12:03-debug: =================================== build Task (web-desktop) Start ================================
6-27-2025 12:12:03-debug: Start record console... {file(/Users/admin/Documents/GitHub/CMGameRepo/temp/builder/log/web-desktop6-27-2025 10-12.log)}
6-27-2025 12:12:03-debug: cocos-service:(onBeforeBuild) start..., progress: 0%
6-27-2025 12:12:03-debug: // ---- build task cocos-service：onBeforeBuild ----
6-27-2025 12:12:05-debug: // ---- build task cocos-service：onBeforeBuild ---- (1422ms)
6-27-2025 12:12:05-debug: scene:(onBeforeBuild) start..., progress: 2%
6-27-2025 12:12:05-debug: cocos-service:(onBeforeBuild) in 1422 ms ✓, progress: 2%
6-27-2025 12:12:05-debug: // ---- build task scene：onBeforeBuild ----
6-27-2025 12:12:05-debug: // ---- build task scene：onBeforeBuild ---- (19ms)
6-27-2025 12:12:05-debug: scene:(onBeforeBuild) in 19 ms ✓, progress: 4%
6-27-2025 12:12:05-debug: Start lock asset db..., progress: 4%
6-27-2025 12:12:05-log: Asset DB is paused with build!
6-27-2025 12:12:05-debug: Query all assets info in project
6-27-2025 12:12:05-debug: init custom config: keepNodeUuid: false, useCache: true
6-27-2025 12:12:05-debug: web-desktop:(onAfterInit) start..., progress: 4%
6-27-2025 12:12:05-debug: // ---- build task web-desktop：onAfterInit ----
6-27-2025 12:12:05-debug: // ---- build task web-desktop：onAfterInit ---- (3ms)
6-27-2025 12:12:05-debug: cocos-service:(onAfterInit) start..., progress: 5%
6-27-2025 12:12:05-debug: // ---- build task cocos-service：onAfterInit ----
6-27-2025 12:12:05-debug: web-desktop:(onAfterInit) in 3 ms ✓, progress: 5%
6-27-2025 12:12:07-debug: // ---- build task cocos-service：onAfterInit ---- (2007ms)
6-27-2025 12:12:07-debug: cocos-service:(onAfterInit) in 2007 ms ✓, progress: 7%
6-27-2025 12:12:07-debug: // ---- build task engine：onAfterInit ----
6-27-2025 12:12:07-debug: engine:(onAfterInit) start..., progress: 7%
6-27-2025 12:12:07-debug: // ---- build task engine：onAfterInit ---- (20ms)
6-27-2025 12:12:07-debug: engine:(onAfterInit) in 20 ms ✓, progress: 9%
6-27-2025 12:12:07-debug: adsense-h5g-plugin:(onBeforeBundleInit) start..., progress: 9%
6-27-2025 12:12:07-debug: // ---- build task adsense-h5g-plugin：onBeforeBundleInit ----
6-27-2025 12:12:07-debug: [adsense-h5g-plugin] remove script success
6-27-2025 12:12:07-debug: // ---- build task adsense-h5g-plugin：onBeforeBundleInit ---- (14ms)
6-27-2025 12:12:07-debug: adsense-h5g-plugin:(onBeforeBundleInit) in 14 ms ✓, progress: 9%
6-27-2025 12:12:07-debug: Init all bundles start..., progress: 9%
6-27-2025 12:12:07-debug: Num of bundles: 3..., progress: 9%
6-27-2025 12:12:07-debug: web-desktop:(onAfterBundleInit) start..., progress: 9%
6-27-2025 12:12:07-debug: // ---- build task web-desktop：onAfterBundleInit ----
6-27-2025 12:12:07-debug: // ---- build task web-desktop：onAfterBundleInit ---- (12ms)
6-27-2025 12:12:07-debug: Query asset bundle start, progress: 9%
6-27-2025 12:12:07-debug: web-desktop:(onAfterBundleInit) in 12 ms ✓, progress: 9%
6-27-2025 12:12:07-debug: // ---- build task Query asset bundle ----
6-27-2025 12:12:07-debug: Init bundle root assets start..., progress: 9%
6-27-2025 12:12:07-debug: Query preload assets from cc.config.json: 60f7195c-ec2a-45eb-ba94-8955f60e81d0,1c02ae6f-4492-4915-b8f8-7492a3b1e4cd,810e96e4-e456-4468-9b59-f4e8f39732c0,efe8e2a3-eace-427b-b4f1-cb8a937ec77d,e9aa9a3e-5b2b-4ac7-a2c7-073de2b2b24f,8bbdbcdd-5cd4-4100-b6d5-b7c9625b6107,50f4348b-c883-4e2f-8f11-ce233b859fa1,fda095cb-831d-4601-ad94-846013963de8,f92806d7-1768-443f-afe8-12bcde84d0f0,dd3a144d-ab7f-41f0-82b8-2e43a090d496,f0416e68-0200-4b77-a926-4f9d16e494da,970b0598-bcb0-4714-91fb-2e81440dccd8,bcd64cc6-2dd9-43f6-abbe-66318d332032,d930590d-bb92-4cc8-8bd1-23cd027f9edf,a3cd009f-0ab0-420d-9278-b9fdab939bbc,c27215d8-6835-4b68-bfbb-bdeac6100c04,b5d6115f-0370-4d7c-aad3-c194cc71cf98,871c3b6c-7379-419d-bda3-794b239ab90d
6-27-2025 12:12:07-debug:   Number of all scenes: 1
6-27-2025 12:12:07-debug:   Number of all scripts: 12
6-27-2025 12:12:07-debug: Init bundle root assets success..., progress: 9%
6-27-2025 12:12:07-debug: reload all scripts.
6-27-2025 12:12:07-debug:   Number of other assets: 517
6-27-2025 12:12:07-debug: Set detail map pack:///resolution-detail-map.json: {}
6-27-2025 12:12:07-debug: /Users/admin/Documents/GitHub/CMGameRepo/temp/programming/packer-driver/targets/editor/chunks/93/93ba276ea7b26ffcdc433fab14afc1ed6f05647b.js resolved to /Users/admin/Documents/GitHub/CMGameRepo/temp/programming/packer-driver/targets/editor/chunks/93/93ba276ea7b26ffcdc433fab14afc1ed6f05647b.js is not in module cache!
6-27-2025 12:12:07-debug: [[Executor]] Module "cce:/internal/x/cc-fu/gfx-webgl" loaded.
6-27-2025 12:12:07-debug: [[Executor]] Module "cce:/internal/x/cc-fu/gfx-empty" loaded.
6-27-2025 12:12:07-debug: [[Executor]] Module "cce:/internal/x/cc-fu/3d" loaded.
6-27-2025 12:12:07-debug: [[Executor]] Module "cce:/internal/x/cc-fu/skeletal-animation" loaded.
6-27-2025 12:12:07-debug: [[Executor]] Module "cce:/internal/x/cc-fu/base" loaded.
6-27-2025 12:12:07-debug: [[Executor]] Module "cce:/internal/x/cc-fu/2d" loaded.
6-27-2025 12:12:07-debug: [[Executor]] Module "cce:/internal/x/cc-fu/gfx-webgl2" loaded.
6-27-2025 12:12:07-debug: [[Executor]] Module "cce:/internal/x/cc-fu/ui" loaded.
6-27-2025 12:12:07-debug: [[Executor]] Module "cce:/internal/x/cc-fu/particle" loaded.
6-27-2025 12:12:07-debug: [[Executor]] Module "cce:/internal/x/cc-fu/physics-framework" loaded.
6-27-2025 12:12:07-debug: [[Executor]] Module "cce:/internal/x/cc-fu/particle-2d" loaded.
6-27-2025 12:12:07-debug: [[Executor]] Module "cce:/internal/x/cc-fu/physics-2d-framework" loaded.
6-27-2025 12:12:07-debug: [[Executor]] Module "cce:/internal/x/cc-fu/physics-2d-box2d-wasm" loaded.
6-27-2025 12:12:07-debug: [[Executor]] Module "cce:/internal/x/cc-fu/intersection-2d" loaded.
6-27-2025 12:12:07-debug: [[Executor]] Module "cce:/internal/x/cc-fu/profiler" loaded.
6-27-2025 12:12:07-debug: [[Executor]] Module "cce:/internal/x/cc-fu/primitive" loaded.
6-27-2025 12:12:07-debug: [[Executor]] Module "cce:/internal/x/cc-fu/geometry-renderer" loaded.
6-27-2025 12:12:07-debug: [[Executor]] Module "cce:/internal/x/cc-fu/audio" loaded.
6-27-2025 12:12:07-debug: [[Executor]] Module "cce:/internal/x/cc-fu/sorting" loaded.
6-27-2025 12:12:07-debug: [[Executor]] Module "cce:/internal/x/cc-fu/light-probe" loaded.
6-27-2025 12:12:07-debug: [[Executor]] Module "cce:/internal/x/cc-fu/xr" loaded.
6-27-2025 12:12:07-debug: [[Executor]] Module "cce:/internal/x/cc-fu/animation" loaded.
6-27-2025 12:12:07-debug: [[Executor]] Module "cce:/internal/x/cc-fu/tween" loaded.
6-27-2025 12:12:07-debug: [[Executor]] Module "cce:/internal/x/cc-fu/tiled-map" loaded.
6-27-2025 12:12:07-debug: [[Executor]] Module "cce:/internal/x/cc-fu/dragon-bones" loaded.
6-27-2025 12:12:07-debug: [[Executor]] Module "cce:/internal/x/cc-fu/video" loaded.
6-27-2025 12:12:07-debug: [[Executor]] Module "cce:/internal/x/cc-fu/custom-pipeline" loaded.
6-27-2025 12:12:07-debug: [[Executor]] Module "cce:/internal/x/cc-fu/spine" loaded.
6-27-2025 12:12:07-debug: [[Executor]] Module "cce:/internal/x/cc-fu/webview" loaded.
6-27-2025 12:12:07-debug: [[Executor]] Module "cce:/internal/x/cc-fu/gfx-webgl" loaded.
6-27-2025 12:12:07-debug: [[Executor]] Module "cce:/internal/x/cc-fu/gfx-empty" loaded.
6-27-2025 12:12:07-debug: [[Executor]] Module "cce:/internal/x/cc-fu/3d" loaded.
6-27-2025 12:12:07-debug: [[Executor]] Module "cce:/internal/x/cc-fu/terrain" loaded.
6-27-2025 12:12:07-debug: [[Executor]] Module "cce:/internal/x/cc-fu/skeletal-animation" loaded.
6-27-2025 12:12:07-debug: [[Executor]] Module "cce:/internal/x/cc-fu/2d" loaded.
6-27-2025 12:12:07-debug: [[Executor]] Module "cce:/internal/x/cc-fu/sorting" loaded.
6-27-2025 12:12:07-debug: [[Executor]] Module "cce:/internal/x/cc-fu/particle" loaded.
6-27-2025 12:12:07-debug: [[Executor]] Module "cce:/internal/x/cc-fu/base" loaded.
6-27-2025 12:12:07-debug: [[Executor]] Module "cce:/internal/x/cc-fu/physics-framework" loaded.
6-27-2025 12:12:07-debug: [[Executor]] Module "cce:/internal/x/cc-fu/ui" loaded.
6-27-2025 12:12:07-debug: [[Executor]] Module "cce:/internal/x/cc-fu/physics-2d-framework" loaded.
6-27-2025 12:12:07-debug: [[Executor]] Module "cce:/internal/x/cc-fu/physics-2d-box2d-wasm" loaded.
6-27-2025 12:12:07-debug: [[Executor]] Module "cce:/internal/x/cc-fu/primitive" loaded.
6-27-2025 12:12:07-debug: [[Executor]] Module "cce:/internal/x/cc-fu/profiler" loaded.
6-27-2025 12:12:07-debug: [[Executor]] Module "cce:/internal/x/cc-fu/intersection-2d" loaded.
6-27-2025 12:12:07-debug: [[Executor]] Module "cce:/internal/x/cc-fu/particle-2d" loaded.
6-27-2025 12:12:07-debug: [[Executor]] Module "cce:/internal/x/cc-fu/video" loaded.
6-27-2025 12:12:07-debug: [[Executor]] Module "cce:/internal/x/cc-fu/audio" loaded.
6-27-2025 12:12:07-debug: [[Executor]] Module "cce:/internal/x/cc-fu/geometry-renderer" loaded.
6-27-2025 12:12:07-debug: [[Executor]] Module "cce:/internal/x/cc-fu/xr" loaded.
6-27-2025 12:12:07-debug: [[Executor]] Module "cce:/internal/x/cc-fu/webview" loaded.
6-27-2025 12:12:07-debug: [[Executor]] Module "cce:/internal/x/cc-fu/terrain" loaded.
6-27-2025 12:12:07-debug: [[Executor]] Module "cce:/internal/x/cc-fu/tween" loaded.
6-27-2025 12:12:07-debug: [[Executor]] Module "cce:/internal/x/cc-fu/spine" loaded.
6-27-2025 12:12:07-debug: [[Executor]] Module "cce:/internal/x/cc-fu/dragon-bones" loaded.
6-27-2025 12:12:07-debug: [[Executor]] Module "pack:///chunks/93/93ba276ea7b26ffcdc433fab14afc1ed6f05647b.js" loaded.
6-27-2025 12:12:07-debug: [[Executor]] Module "cce:/internal/x/cc-fu/custom-pipeline" loaded.
6-27-2025 12:12:07-debug: [[Executor]] Module "cce:/internal/x/cc-fu/animation" loaded.
6-27-2025 12:12:07-debug: [[Executor]] Module "cce:/internal/x/cc-fu/tiled-map" loaded.
6-27-2025 12:12:07-debug: Invalidating 'pack:///chunks/93/93ba276ea7b26ffcdc433fab14afc1ed6f05647b.js'
6-27-2025 12:12:07-debug: [[Executor]] Module "cce:/internal/x/cc-fu/light-probe" loaded.
6-27-2025 12:12:07-debug: [[Executor]] Module "pack:///chunks/93/93ba276ea7b26ffcdc433fab14afc1ed6f05647b.js" loaded.
6-27-2025 12:12:07-debug: [[Executor]] Module "cce:/internal/x/cc-fu/gfx-webgl2" loaded.
6-27-2025 12:12:07-debug: /Users/admin/Documents/GitHub/CMGameRepo/temp/programming/packer-driver/targets/editor/chunks/6d/6d8fd2b0177941b032ddc0733af48a561fb60657.js resolved to /Users/admin/Documents/GitHub/CMGameRepo/temp/programming/packer-driver/targets/editor/chunks/6d/6d8fd2b0177941b032ddc0733af48a561fb60657.js is not in module cache!
6-27-2025 12:12:07-debug: [[Executor]] Module "pack:///chunks/6d/6d8fd2b0177941b032ddc0733af48a561fb60657.js" loaded.
6-27-2025 12:12:07-debug: /Users/admin/Documents/GitHub/CMGameRepo/temp/programming/packer-driver/targets/editor/chunks/31/31e3c2f26607ebb67e59edfae1b48b9458089fb9.js resolved to /Users/admin/Documents/GitHub/CMGameRepo/temp/programming/packer-driver/targets/editor/chunks/31/31e3c2f26607ebb67e59edfae1b48b9458089fb9.js is not in module cache!
6-27-2025 12:12:07-debug: [[Executor]] Module "pack:///chunks/31/31e3c2f26607ebb67e59edfae1b48b9458089fb9.js" loaded.
6-27-2025 12:12:07-debug: [[Executor]] Register DebugViewRuntimeControl
6-27-2025 12:12:07-debug: /Users/admin/Documents/GitHub/CMGameRepo/temp/programming/packer-driver/targets/editor/chunks/04/04d1282fdfcfb291dc12982df300c4c56bb669b2.js resolved to /Users/admin/Documents/GitHub/CMGameRepo/temp/programming/packer-driver/targets/editor/chunks/04/04d1282fdfcfb291dc12982df300c4c56bb669b2.js is not in module cache!
6-27-2025 12:12:07-debug: [[Executor]] Module "pack:///chunks/04/04d1282fdfcfb291dc12982df300c4c56bb669b2.js" loaded.
6-27-2025 12:12:07-debug: [[Executor]] Register BGScaler
6-27-2025 12:12:07-debug: /Users/admin/Documents/GitHub/CMGameRepo/temp/programming/packer-driver/targets/editor/chunks/ca/caec25bf9120a2b9bd628d467890152acaf01abe.js resolved to /Users/admin/Documents/GitHub/CMGameRepo/temp/programming/packer-driver/targets/editor/chunks/ca/caec25bf9120a2b9bd628d467890152acaf01abe.js is not in module cache!
6-27-2025 12:12:07-debug: /Users/admin/Documents/GitHub/CMGameRepo/temp/programming/packer-driver/targets/editor/chunks/6a/6a5019a719a9014c047e67aa1cf34453ab8392ce.js resolved to /Users/admin/Documents/GitHub/CMGameRepo/temp/programming/packer-driver/targets/editor/chunks/6a/6a5019a719a9014c047e67aa1cf34453ab8392ce.js is not in module cache!
6-27-2025 12:12:07-debug: [[Executor]] Module "pack:///chunks/6a/6a5019a719a9014c047e67aa1cf34453ab8392ce.js" loaded.
6-27-2025 12:12:07-debug: [[Executor]] Register CardController
6-27-2025 12:12:07-debug: [[Executor]] Module "pack:///chunks/ca/caec25bf9120a2b9bd628d467890152acaf01abe.js" loaded.
6-27-2025 12:12:07-debug: /Users/admin/Documents/GitHub/CMGameRepo/temp/programming/packer-driver/targets/editor/chunks/a7/a707dd2bc4ecc8bf61ebecae48eb6f352b60617f.js resolved to /Users/admin/Documents/GitHub/CMGameRepo/temp/programming/packer-driver/targets/editor/chunks/a7/a707dd2bc4ecc8bf61ebecae48eb6f352b60617f.js is not in module cache!
6-27-2025 12:12:07-debug: [[Executor]] Module "pack:///chunks/a7/a707dd2bc4ecc8bf61ebecae48eb6f352b60617f.js" loaded.
6-27-2025 12:12:07-debug: /Users/admin/Documents/GitHub/CMGameRepo/temp/programming/packer-driver/targets/editor/chunks/d1/d1febd7abf416efdcd294da2b322f8e15cd055b9.js resolved to /Users/admin/Documents/GitHub/CMGameRepo/temp/programming/packer-driver/targets/editor/chunks/d1/d1febd7abf416efdcd294da2b322f8e15cd055b9.js is not in module cache!
6-27-2025 12:12:07-debug: /Users/admin/Documents/GitHub/CMGameRepo/temp/programming/packer-driver/targets/editor/chunks/71/71834c943e90378eb4ecb09e1e96025125ba1bc4.js resolved to /Users/admin/Documents/GitHub/CMGameRepo/temp/programming/packer-driver/targets/editor/chunks/71/71834c943e90378eb4ecb09e1e96025125ba1bc4.js is not in module cache!
6-27-2025 12:12:07-debug: [[Executor]] Module "pack:///chunks/71/71834c943e90378eb4ecb09e1e96025125ba1bc4.js" loaded.
6-27-2025 12:12:07-debug: [[Executor]] Register CardScript
6-27-2025 12:12:07-debug: [[Executor]] Module "pack:///chunks/d1/d1febd7abf416efdcd294da2b322f8e15cd055b9.js" loaded.
6-27-2025 12:12:07-debug: /Users/admin/Documents/GitHub/CMGameRepo/temp/programming/packer-driver/targets/editor/chunks/59/595b7f35fe0b70295f3677177fc8791319032162.js resolved to /Users/admin/Documents/GitHub/CMGameRepo/temp/programming/packer-driver/targets/editor/chunks/59/595b7f35fe0b70295f3677177fc8791319032162.js is not in module cache!
6-27-2025 12:12:07-debug: [[Executor]] Register SceneSwitcher
6-27-2025 12:12:07-debug: [[Executor]] Module "pack:///chunks/59/595b7f35fe0b70295f3677177fc8791319032162.js" loaded.
6-27-2025 12:12:07-debug: /Users/admin/Documents/GitHub/CMGameRepo/temp/programming/packer-driver/targets/editor/chunks/a1/a125d109f0b97243b4f1c9797caf34a7a511d0cf.js resolved to /Users/admin/Documents/GitHub/CMGameRepo/temp/programming/packer-driver/targets/editor/chunks/a1/a125d109f0b97243b4f1c9797caf34a7a511d0cf.js is not in module cache!
6-27-2025 12:12:07-debug: /Users/admin/Documents/GitHub/CMGameRepo/temp/programming/packer-driver/targets/editor/chunks/ff/ff3268cab4d899bc2eaffe851cc9cdd01024ff62.js resolved to /Users/admin/Documents/GitHub/CMGameRepo/temp/programming/packer-driver/targets/editor/chunks/ff/ff3268cab4d899bc2eaffe851cc9cdd01024ff62.js is not in module cache!
6-27-2025 12:12:07-debug: [[Executor]] Module "pack:///chunks/ff/ff3268cab4d899bc2eaffe851cc9cdd01024ff62.js" loaded.
6-27-2025 12:12:07-debug: [[Executor]] Register ScoreCounter
6-27-2025 12:12:07-debug: [[Executor]] Module "pack:///chunks/a1/a125d109f0b97243b4f1c9797caf34a7a511d0cf.js" loaded.
6-27-2025 12:12:07-debug: /Users/admin/Documents/GitHub/CMGameRepo/temp/programming/packer-driver/targets/editor/chunks/90/9007ab4b72832a718a8bbabcded061842efed625.js resolved to /Users/admin/Documents/GitHub/CMGameRepo/temp/programming/packer-driver/targets/editor/chunks/90/9007ab4b72832a718a8bbabcded061842efed625.js is not in module cache!
6-27-2025 12:12:07-debug: [[Executor]] Register ScoreEvaluator
6-27-2025 12:12:07-debug: [[Executor]] Module "pack:///chunks/90/9007ab4b72832a718a8bbabcded061842efed625.js" loaded.
6-27-2025 12:12:07-debug: /Users/admin/Documents/GitHub/CMGameRepo/temp/programming/packer-driver/targets/editor/chunks/8f/8f4819b59b8ffda51714044ea8a800909441061d.js resolved to /Users/admin/Documents/GitHub/CMGameRepo/temp/programming/packer-driver/targets/editor/chunks/8f/8f4819b59b8ffda51714044ea8a800909441061d.js is not in module cache!
6-27-2025 12:12:07-debug: [[Executor]] Register ScoreUpdater
6-27-2025 12:12:07-debug: [[Executor]] Module "pack:///chunks/8f/8f4819b59b8ffda51714044ea8a800909441061d.js" loaded.
6-27-2025 12:12:07-debug: /Users/admin/Documents/GitHub/CMGameRepo/temp/programming/packer-driver/targets/editor/chunks/75/75f50742f94cd93512fd9cb4631ed6522e7fa6bb.js resolved to /Users/admin/Documents/GitHub/CMGameRepo/temp/programming/packer-driver/targets/editor/chunks/75/75f50742f94cd93512fd9cb4631ed6522e7fa6bb.js is not in module cache!
6-27-2025 12:12:07-debug: [[Executor]] Module "pack:///chunks/6d/6d8fd2b0177941b032ddc0733af48a561fb60657.js" loaded.
6-27-2025 12:12:07-debug: Incremental keys: 
6-27-2025 12:12:07-debug: Init bundle share assets start..., progress: 9%
6-27-2025 12:12:07-debug: [[Executor]] Module "pack:///chunks/75/75f50742f94cd93512fd9cb4631ed6522e7fa6bb.js" loaded.
6-27-2025 12:12:07-debug: [[Executor]] Register SpriteHandler
6-27-2025 12:12:07-debug: Init bundle share assets success..., progress: 9%
6-27-2025 12:12:07-debug: handle json group in bundle internal
6-27-2025 12:12:07-debug: handle json group in bundle main
6-27-2025 12:12:07-debug: init image compress task 0 in bundle internal
6-27-2025 12:12:07-debug: handle json group in bundle main success
6-27-2025 12:12:07-debug: init image compress task 0 in bundle main
6-27-2025 12:12:07-debug: handle json group in bundle resources success
6-27-2025 12:12:07-debug: handle json group in bundle resources
6-27-2025 12:12:07-debug: handle json group in bundle internal success
6-27-2025 12:12:07-debug: init image compress task 0 in bundle resources
6-27-2025 12:12:07-debug: // ---- build task Query asset bundle ---- (64ms)
6-27-2025 12:12:07-debug: run build task Query asset bundle success in 64 ms√, progress: 14%
6-27-2025 12:12:07-debug: // ---- build task Query asset bundle ----
6-27-2025 12:12:07-debug: Query asset bundle start, progress: 14%
6-27-2025 12:12:07-debug: [Build Memory track]: Query asset bundle start:169.65MB, end 171.42MB, increase: 1.77MB
6-27-2025 12:12:07-debug: // ---- build task Query asset bundle ---- (8ms)
6-27-2025 12:12:07-debug: run build task Query asset bundle success in 8 ms√, progress: 19%
6-27-2025 12:12:07-debug: Build script start, progress: 19%
6-27-2025 12:12:07-debug: [Build Memory track]: Query asset bundle start:171.43MB, end 171.57MB, increase: 142.07KB
6-27-2025 12:12:07-debug: // ---- build task Build script ----
6-27-2025 12:12:10-debug: Generate systemJs..., progress: 19%
6-27-2025 12:12:13-debug: Build project script start..., progress: 19%
6-27-2025 12:12:13-debug: Build script in bundle start, progress: 19%
6-27-2025 12:12:13-log: Run build task(build-script) in child, see: chrome://inspect/#devices
6-27-2025 12:12:13-log: [build-script]enter sub process 17301, /Applications/Cocos/Creator/3.8.3/CocosCreator.app/Contents/Frameworks/CocosCreator Helper (Renderer).app/Contents/MacOS/CocosCreator Helper (Renderer),/Applications/Cocos/Creator/3.8.3/CocosCreator.app/Contents/Resources/app.asar/builtin/builder/static/sub-process-index
6-27-2025 12:12:15-debug: excute-script over with build-script 2398ms
6-27-2025 12:12:16-debug: Copy externalScripts success!
6-27-2025 12:12:16-debug: Build script in bundle success, progress: 19%
6-27-2025 12:12:16-debug: Build project script in (2652 ms) √, progress: 19%
6-27-2025 12:12:16-debug: Build engine start..., progress: 19%
6-27-2025 12:12:16-debug: Use cache engine: {link(/var/folders/jr/njb0dd6n3q7dfbz39mjzqzpw0000gn/T/CocosCreator/3.8.3/builder/engine/cc5a0c16ff213a58e08a372c0e4f1f2a)}
6-27-2025 12:12:16-debug: {"debug":false,"sourceMaps":false,"includeModules":["2d","animation","audio","base","dragon-bones","gfx-webgl","gfx-webgl2","intersection-2d","meshopt","particle-2d","physics-2d-box2d","profiler","spine","tiled-map","tween","ui","video","webview"],"engineVersion":"3.8.3","md5Map":[],"engineName":"cocos-js","platform":"HTML5","useCache":true,"isNative":false,"nativeCodeBundleMode":"both","wasmCompressionMode":false,"assetURLFormat":"runtime-resolved","output":"/Users/admin/Documents/GitHub/CMGameRepo/build/web-desktop/cocos-js","flags":{"DEBUG":false},"entry":"/Applications/Cocos/Creator/3.8.3/CocosCreator.app/Contents/Resources/resources/3d/engine"}
6-27-2025 12:12:16-debug: Build engine in (41 ms) √, progress: 19%
6-27-2025 12:12:16-debug: Copy plugin script ..., progress: 19%
6-27-2025 12:12:16-debug: Generate import-map..., progress: 19%
6-27-2025 12:12:16-debug: // ---- build task Build script ---- (8597ms)
6-27-2025 12:12:16-debug: run build task Build script success in 8 s√, progress: 24%
6-27-2025 12:12:16-debug: [Build Memory track]: Build script start:171.69MB, end 224.32MB, increase: 52.63MB
6-27-2025 12:12:16-debug: Build Assets start, progress: 24%
6-27-2025 12:12:16-debug: Build bundles..., progress: 24%
6-27-2025 12:12:16-debug: Pack Images start, progress: 24%
6-27-2025 12:12:16-debug: // ---- build task Build Assets ----
6-27-2025 12:12:16-debug: builder:pack-auto-atlas-image (16ms)
6-27-2025 12:12:16-debug: Pack Images success, progress: 24%
6-27-2025 12:12:16-debug: sort compress task {}
6-27-2025 12:12:16-debug: Compress image success..., progress: 24%
6-27-2025 12:12:16-debug: Num of all image compress task 0, really: 0, configTasks: 0
6-27-2025 12:12:16-debug: Handle all json groups in bundle internal
6-27-2025 12:12:16-debug: Output asset in bundles start, progress: 24%
6-27-2025 12:12:16-debug: No image need to compress
6-27-2025 12:12:16-debug: Compress image start..., progress: 24%
6-27-2025 12:12:16-debug: handle json group
6-27-2025 12:12:16-debug: Handle all json groups in bundle resources
6-27-2025 12:12:16-debug: handle json group
6-27-2025 12:12:16-debug: handle json group
6-27-2025 12:12:16-debug: Handle all json groups in bundle main
6-27-2025 12:12:16-debug: handle single json
6-27-2025 12:12:16-debug: Json group(0d2925205) compile success，json number: 6
6-27-2025 12:12:16-debug: handle single json
6-27-2025 12:12:16-debug: Json group(0ca60d3e4) compile success，json number: 6
6-27-2025 12:12:16-debug: handle single json
6-27-2025 12:12:16-debug: Output asset in bundles success, progress: 24%
6-27-2025 12:12:16-debug: Output asset in bundles start, progress: 24%
6-27-2025 12:12:16-debug: compress config of bundle internal...
6-27-2025 12:12:16-debug: compress config of bundle internal success
6-27-2025 12:12:16-debug: compress config of bundle resources...
6-27-2025 12:12:16-debug: compress config of bundle resources success
6-27-2025 12:12:16-debug: compress config of bundle main...
6-27-2025 12:12:16-debug: compress config of bundle main success
6-27-2025 12:12:16-debug: output config of bundle internal
6-27-2025 12:12:16-debug: output config of bundle internal success
6-27-2025 12:12:16-debug: output config of bundle resources
6-27-2025 12:12:16-debug: output config of bundle resources success
6-27-2025 12:12:16-debug: output config of bundle main
6-27-2025 12:12:16-debug: output config of bundle main success
6-27-2025 12:12:16-debug: Output asset in bundles success, progress: 24%
6-27-2025 12:12:16-debug: // ---- build task Build Assets ---- (160ms)
6-27-2025 12:12:16-debug: Sort some build options to settings.json start, progress: 29%
6-27-2025 12:12:16-debug: [Build Memory track]: Build Assets start:224.33MB, end 222.75MB, increase: -1620.51KB
6-27-2025 12:12:16-debug: // ---- build task Sort some build options to settings.json ----
6-27-2025 12:12:16-debug: run build task Build Assets success in 160 ms√, progress: 29%
6-27-2025 12:12:16-debug: // ---- build task Sort some build options to settings.json ---- (7ms)
6-27-2025 12:12:16-debug: Fill script data to settings start, progress: 31%
6-27-2025 12:12:16-debug: [Build Memory track]: Sort some build options to settings.json start:222.82MB, end 222.87MB, increase: 52.76KB
6-27-2025 12:12:16-debug: // ---- build task Fill script data to settings ----
6-27-2025 12:12:16-debug: run build task Sort some build options to settings.json success in 7 ms√, progress: 31%
6-27-2025 12:12:16-debug: // ---- build task Fill script data to settings ---- (7ms)
6-27-2025 12:12:16-debug: run build task Fill script data to settings success in 7 ms√, progress: 32%
6-27-2025 12:12:16-debug: [Build Memory track]: Fill script data to settings start:222.88MB, end 222.93MB, increase: 51.13KB
6-27-2025 12:12:16-debug: // ---- build task Sort some build options to settings.json ----
6-27-2025 12:12:16-debug: Sort some build options to settings.json start, progress: 32%
6-27-2025 12:12:16-debug: // ---- build task Sort some build options to settings.json ---- (8ms)
6-27-2025 12:12:16-debug: [Build Memory track]: Sort some build options to settings.json start:222.94MB, end 223.10MB, increase: 160.96KB
6-27-2025 12:12:16-debug: run build task Sort some build options to settings.json success in 8 ms√, progress: 34%
6-27-2025 12:12:16-debug: web-desktop:(onBeforeCompressSettings) start..., progress: 34%
6-27-2025 12:12:16-debug: // ---- build task web-desktop：onBeforeCompressSettings ----
6-27-2025 12:12:16-debug: // ---- build task web-desktop：onBeforeCompressSettings ---- (7ms)
6-27-2025 12:12:16-debug: web-desktop:(onBeforeCompressSettings) in 7 ms ✓, progress: 36%
6-27-2025 12:12:16-debug: cocos-service:(onBeforeCompressSettings) start..., progress: 36%
6-27-2025 12:12:16-debug: // ---- build task cocos-service：onBeforeCompressSettings ----
6-27-2025 12:12:19-debug: // ---- build task cocos-service：onBeforeCompressSettings ---- (3735ms)
6-27-2025 12:12:19-debug: Sort build template start, progress: 38%
6-27-2025 12:12:19-debug: cocos-service:(onBeforeCompressSettings) in 3735 ms ✓, progress: 38%
6-27-2025 12:12:19-debug: // ---- build task Sort build template ----
6-27-2025 12:12:20-debug: // ---- build task Sort build template ---- (85ms)
6-27-2025 12:12:20-debug: run build task Sort build template success in 85 ms√, progress: 43%
6-27-2025 12:12:20-debug: cocos-service:(onAfterCompressSettings) start..., progress: 43%
6-27-2025 12:12:20-debug: // ---- build task cocos-service：onAfterCompressSettings ----
6-27-2025 12:12:20-debug: [Build Memory track]: Sort build template start:172.54MB, end 173.64MB, increase: 1.10MB
6-27-2025 12:12:22-debug: // ---- build task cocos-service：onAfterCompressSettings ---- (2519ms)
6-27-2025 12:12:22-debug: // ---- build task web-desktop：onBeforeCopyBuildTemplate ----
6-27-2025 12:12:22-debug: cocos-service:(onAfterCompressSettings) in 2519 ms ✓, progress: 45%
6-27-2025 12:12:22-debug: web-desktop:(onBeforeCopyBuildTemplate) start..., progress: 45%
6-27-2025 12:12:22-debug: // ---- build task web-desktop：onBeforeCopyBuildTemplate ---- (36ms)
6-27-2025 12:12:22-debug: web-desktop:(onBeforeCopyBuildTemplate) in 36 ms ✓, progress: 46%
6-27-2025 12:12:22-debug: Add md5 suffix to assets start, progress: 46%
6-27-2025 12:12:22-debug: // ---- build task Add md5 suffix to assets ----
6-27-2025 12:12:22-debug: // ---- build task Add md5 suffix to assets ---- (7ms)
6-27-2025 12:12:22-debug: [Build Memory track]: Add md5 suffix to assets start:173.14MB, end 173.18MB, increase: 39.64KB
6-27-2025 12:12:22-debug: run build task Add md5 suffix to assets success in 7 ms√, progress: 56%
6-27-2025 12:12:22-debug: cocos-service:(onAfterBuild) start..., progress: 56%
6-27-2025 12:12:22-debug: // ---- build task cocos-service：onAfterBuild ----
6-27-2025 12:12:23-debug: // ---- build task cocos-service：onAfterBuild ---- (483ms)
6-27-2025 12:12:23-debug: cocos-service:(onAfterBuild) in 483 ms ✓, progress: 58%
6-27-2025 12:12:23-debug: adsense-h5g-plugin:(onAfterBuild) start..., progress: 58%
6-27-2025 12:12:23-debug: // ---- build task adsense-h5g-plugin：onAfterBuild ----
6-27-2025 12:12:23-debug: // ---- build task adsense-h5g-plugin：onAfterBuild ---- (16ms)
6-27-2025 12:12:23-log: Asset DB is resume!
6-27-2025 12:12:23-debug: adsense-h5g-plugin:(onAfterBuild) in 16 ms ✓, progress: 60%
6-27-2025 12:12:23-debug: builder:build-project-total (19361ms)
6-27-2025 12:12:23-debug: build success in 19361!
6-27-2025 12:12:23-debug: [Build Memory track]: builder:build-project-total start:169.27MB, end 175.06MB, increase: 5.79MB
6-27-2025 12:12:23-debug: ================================ build Task (web-desktop) Finished in (19 s)ms ================================
6-27-2025 12:12:23-debug: Stop record console. {file(/Users/admin/Documents/GitHub/CMGameRepo/temp/builder/log/web-desktop6-27-2025 10-12.log)}
6-27-2025 12:13:07-debug: refresh db internal success
6-27-2025 12:13:07-debug: refresh db assets success
6-27-2025 12:13:07-debug: Run asset db hook engine-extends:afterRefresh ...
6-27-2025 12:13:07-debug: Run asset db hook engine-extends:afterRefresh success!
6-27-2025 12:13:07-debug: asset-db:refresh-all-database (50ms)
6-27-2025 12:13:07-debug: asset-db:worker-effect-data-processing (1ms)
6-27-2025 12:13:07-debug: asset-db-hook-engine-extends-afterRefresh (1ms)
6-27-2025 12:13:22-debug: refresh db internal success
6-27-2025 12:13:22-debug: refresh db assets success
6-27-2025 12:13:22-debug: Run asset db hook engine-extends:afterRefresh ...
6-27-2025 12:13:22-debug: Run asset db hook engine-extends:afterRefresh success!
6-27-2025 12:13:22-debug: asset-db:refresh-all-database (44ms)
6-27-2025 12:13:30-debug: refresh db internal success
6-27-2025 12:13:30-debug: refresh db assets success
6-27-2025 12:13:30-debug: Run asset db hook engine-extends:afterRefresh ...
6-27-2025 12:13:30-debug: Run asset db hook engine-extends:afterRefresh success!
6-27-2025 12:13:30-debug: asset-db:refresh-all-database (44ms)
6-27-2025 12:13:45-debug: refresh db internal success
6-27-2025 12:13:45-debug: refresh db assets success
6-27-2025 12:13:45-debug: Run asset db hook engine-extends:afterRefresh ...
6-27-2025 12:13:45-debug: Run asset db hook engine-extends:afterRefresh success!
6-27-2025 12:13:45-debug: asset-db:refresh-all-database (44ms)
6-27-2025 12:13:45-debug: asset-db:worker-effect-data-processing (1ms)
6-27-2025 12:13:45-debug: asset-db-hook-engine-extends-afterRefresh (1ms)
